Analysis & Synthesis report for interr_trans
Fri May 04 14:55:38 2018
Quartus Prime Version 17.1.0 Build 590 10/25/2017 SJ Lite Edition


---------------------
; Table of Contents ;
---------------------
  1. Legal Notice
  2. Analysis & Synthesis Summary
  3. Analysis & Synthesis Settings
  4. Parallel Compilation
  5. Analysis & Synthesis Source Files Read
  6. Analysis & Synthesis Resource Usage Summary
  7. Analysis & Synthesis Resource Utilization by Entity
  8. User-Specified and Inferred Latches
  9. Registers Removed During Synthesis
 10. General Register Statistics
 11. Multiplexer Restructuring Statistics (Restructuring Performed)
 12. Post-Synthesis Netlist Statistics for Top Partition
 13. Elapsed Time Per Partition
 14. Analysis & Synthesis Messages



----------------
; Legal Notice ;
----------------
Copyright (C) 2017  Intel Corporation. All rights reserved.
Your use of Intel Corporation's design tools, logic functions 
and other software and tools, and its AMPP partner logic 
functions, and any output files from any of the foregoing 
(including device programming or simulation files), and any 
associated documentation or information are expressly subject 
to the terms and conditions of the Intel Program License 
Subscription Agreement, the Intel Quartus Prime License Agreement,
the Intel FPGA IP License Agreement, or other applicable license
agreement, including, without limitation, that your use is for
the sole purpose of programming logic devices manufactured by
Intel and sold by Intel or its authorized distributors.  Please
refer to the applicable agreement for further details.



+----------------------------------------------------------------------------------+
; Analysis & Synthesis Summary                                                     ;
+------------------------------------+---------------------------------------------+
; Analysis & Synthesis Status        ; Successful - Fri May 04 14:55:38 2018       ;
; Quartus Prime Version              ; 17.1.0 Build 590 10/25/2017 SJ Lite Edition ;
; Revision Name                      ; interr_trans                                ;
; Top-level Entity Name              ; secuen_completo                             ;
; Family                             ; Cyclone IV E                                ;
; Total logic elements               ; 164                                         ;
;     Total combinational functions  ; 161                                         ;
;     Dedicated logic registers      ; 68                                          ;
; Total registers                    ; 68                                          ;
; Total pins                         ; 17                                          ;
; Total virtual pins                 ; 0                                           ;
; Total memory bits                  ; 0                                           ;
; Embedded Multiplier 9-bit elements ; 0                                           ;
; Total PLLs                         ; 0                                           ;
+------------------------------------+---------------------------------------------+


+----------------------------------------------------------------------------------------------------------------------+
; Analysis & Synthesis Settings                                                                                        ;
+----------------------------------------------------------------------------+--------------------+--------------------+
; Option                                                                     ; Setting            ; Default Value      ;
+----------------------------------------------------------------------------+--------------------+--------------------+
; Device                                                                     ; EP4CE22F17C6       ;                    ;
; Top-level entity name                                                      ; secuen_completo    ; interr_trans       ;
; Family name                                                                ; Cyclone IV E       ; Cyclone V          ;
; Use smart compilation                                                      ; Off                ; Off                ;
; Enable parallel Assembler and TimeQuest Timing Analyzer during compilation ; On                 ; On                 ;
; Enable compact report table                                                ; Off                ; Off                ;
; Restructure Multiplexers                                                   ; Auto               ; Auto               ;
; Create Debugging Nodes for IP Cores                                        ; Off                ; Off                ;
; Preserve fewer node names                                                  ; On                 ; On                 ;
; Intel FPGA IP Evaluation Mode                                              ; Enable             ; Enable             ;
; Verilog Version                                                            ; Verilog_2001       ; Verilog_2001       ;
; VHDL Version                                                               ; VHDL_1993          ; VHDL_1993          ;
; State Machine Processing                                                   ; Auto               ; Auto               ;
; Safe State Machine                                                         ; Off                ; Off                ;
; Extract Verilog State Machines                                             ; On                 ; On                 ;
; Extract VHDL State Machines                                                ; On                 ; On                 ;
; Ignore Verilog initial constructs                                          ; Off                ; Off                ;
; Iteration limit for constant Verilog loops                                 ; 5000               ; 5000               ;
; Iteration limit for non-constant Verilog loops                             ; 250                ; 250                ;
; Add Pass-Through Logic to Inferred RAMs                                    ; On                 ; On                 ;
; Infer RAMs from Raw Logic                                                  ; On                 ; On                 ;
; Parallel Synthesis                                                         ; On                 ; On                 ;
; DSP Block Balancing                                                        ; Auto               ; Auto               ;
; NOT Gate Push-Back                                                         ; On                 ; On                 ;
; Power-Up Don't Care                                                        ; On                 ; On                 ;
; Remove Redundant Logic Cells                                               ; Off                ; Off                ;
; Remove Duplicate Registers                                                 ; On                 ; On                 ;
; Ignore CARRY Buffers                                                       ; Off                ; Off                ;
; Ignore CASCADE Buffers                                                     ; Off                ; Off                ;
; Ignore GLOBAL Buffers                                                      ; Off                ; Off                ;
; Ignore ROW GLOBAL Buffers                                                  ; Off                ; Off                ;
; Ignore LCELL Buffers                                                       ; Off                ; Off                ;
; Ignore SOFT Buffers                                                        ; On                 ; On                 ;
; Limit AHDL Integers to 32 Bits                                             ; Off                ; Off                ;
; Optimization Technique                                                     ; Balanced           ; Balanced           ;
; Carry Chain Length                                                         ; 70                 ; 70                 ;
; Auto Carry Chains                                                          ; On                 ; On                 ;
; Auto Open-Drain Pins                                                       ; On                 ; On                 ;
; Perform WYSIWYG Primitive Resynthesis                                      ; Off                ; Off                ;
; Auto ROM Replacement                                                       ; On                 ; On                 ;
; Auto RAM Replacement                                                       ; On                 ; On                 ;
; Auto DSP Block Replacement                                                 ; On                 ; On                 ;
; Auto Shift Register Replacement                                            ; Auto               ; Auto               ;
; Allow Shift Register Merging across Hierarchies                            ; Auto               ; Auto               ;
; Auto Clock Enable Replacement                                              ; On                 ; On                 ;
; Strict RAM Replacement                                                     ; Off                ; Off                ;
; Allow Synchronous Control Signals                                          ; On                 ; On                 ;
; Force Use of Synchronous Clear Signals                                     ; Off                ; Off                ;
; Auto RAM Block Balancing                                                   ; On                 ; On                 ;
; Auto RAM to Logic Cell Conversion                                          ; Off                ; Off                ;
; Auto Resource Sharing                                                      ; Off                ; Off                ;
; Allow Any RAM Size For Recognition                                         ; Off                ; Off                ;
; Allow Any ROM Size For Recognition                                         ; Off                ; Off                ;
; Allow Any Shift Register Size For Recognition                              ; Off                ; Off                ;
; Use LogicLock Constraints during Resource Balancing                        ; On                 ; On                 ;
; Ignore translate_off and synthesis_off directives                          ; Off                ; Off                ;
; Timing-Driven Synthesis                                                    ; On                 ; On                 ;
; Report Parameter Settings                                                  ; On                 ; On                 ;
; Report Source Assignments                                                  ; On                 ; On                 ;
; Report Connectivity Checks                                                 ; On                 ; On                 ;
; Ignore Maximum Fan-Out Assignments                                         ; Off                ; Off                ;
; Synchronization Register Chain Length                                      ; 2                  ; 2                  ;
; Power Optimization During Synthesis                                        ; Normal compilation ; Normal compilation ;
; HDL message level                                                          ; Level2             ; Level2             ;
; Suppress Register Optimization Related Messages                            ; Off                ; Off                ;
; Number of Removed Registers Reported in Synthesis Report                   ; 5000               ; 5000               ;
; Number of Swept Nodes Reported in Synthesis Report                         ; 5000               ; 5000               ;
; Number of Inverted Registers Reported in Synthesis Report                  ; 100                ; 100                ;
; Clock MUX Protection                                                       ; On                 ; On                 ;
; Auto Gated Clock Conversion                                                ; Off                ; Off                ;
; Block Design Naming                                                        ; Auto               ; Auto               ;
; SDC constraint protection                                                  ; Off                ; Off                ;
; Synthesis Effort                                                           ; Auto               ; Auto               ;
; Shift Register Replacement - Allow Asynchronous Clear Signal               ; On                 ; On                 ;
; Pre-Mapping Resynthesis Optimization                                       ; Off                ; Off                ;
; Analysis & Synthesis Message Level                                         ; Medium             ; Medium             ;
; Disable Register Merging Across Hierarchies                                ; Auto               ; Auto               ;
; Resource Aware Inference For Block RAM                                     ; On                 ; On                 ;
+----------------------------------------------------------------------------+--------------------+--------------------+


+------------------------------------------+
; Parallel Compilation                     ;
+----------------------------+-------------+
; Processors                 ; Number      ;
+----------------------------+-------------+
; Number detected on machine ; 4           ;
; Maximum allowed            ; 2           ;
;                            ;             ;
; Average used               ; 1.00        ;
; Maximum used               ; 2           ;
;                            ;             ;
; Usage by Processor         ; % Time Used ;
;     Processor 1            ; 100.0%      ;
;     Processor 2            ;   0.0%      ;
+----------------------------+-------------+


+--------------------------------------------------------------------------------------------------------------------------------------------------------------------------------+
; Analysis & Synthesis Source Files Read                                                                                                                                         ;
+----------------------------------+-----------------+------------------------------------+----------------------------------------------------------------------------+---------+
; File Name with User-Entered Path ; Used in Netlist ; File Type                          ; File Name with Absolute Path                                               ; Library ;
+----------------------------------+-----------------+------------------------------------+----------------------------------------------------------------------------+---------+
; logica_interrupcion.vhd          ; yes             ; User VHDL File                     ; C:/Users/leser/Desktop/Practica 4 Arquitectura/logica_interrupcion.vhd     ;         ;
; logica_transformacion.vhd        ; yes             ; User VHDL File                     ; C:/Users/leser/Desktop/Practica 4 Arquitectura/logica_transformacion.vhd   ;         ;
; registro_interrupciones.vhd      ; yes             ; User VHDL File                     ; C:/Users/leser/Desktop/Practica 4 Arquitectura/registro_interrupciones.vhd ;         ;
; registro_transformacion.vhd      ; yes             ; User VHDL File                     ; C:/Users/leser/Desktop/Practica 4 Arquitectura/registro_transformacion.vhd ;         ;
; incrementador.vhd                ; yes             ; User VHDL File                     ; C:/Users/leser/Desktop/Practica 4 Arquitectura/incrementador.vhd           ;         ;
; registro_mpc.vhd                 ; yes             ; User VHDL File                     ; C:/Users/leser/Desktop/Practica 4 Arquitectura/registro_mpc.vhd            ;         ;
; mux_dir.vhd                      ; yes             ; User VHDL File                     ; C:/Users/leser/Desktop/Practica 4 Arquitectura/mux_dir.vhd                 ;         ;
; logica_interna.vhd               ; yes             ; User VHDL File                     ; C:/Users/leser/Desktop/Practica 4 Arquitectura/logica_interna.vhd          ;         ;
; memoria.vhd                      ; yes             ; User VHDL File                     ; C:/Users/leser/Desktop/Practica 4 Arquitectura/memoria.vhd                 ;         ;
; registro_instruccion.vhd         ; yes             ; User VHDL File                     ; C:/Users/leser/Desktop/Practica 4 Arquitectura/registro_instruccion.vhd    ;         ;
; registro_liga.vhd                ; yes             ; User VHDL File                     ; C:/Users/leser/Desktop/Practica 4 Arquitectura/registro_liga.vhd           ;         ;
; registro_prueba.vhd              ; yes             ; User VHDL File                     ; C:/Users/leser/Desktop/Practica 4 Arquitectura/registro_prueba.vhd         ;         ;
; registro_salida.vhd              ; yes             ; User VHDL File                     ; C:/Users/leser/Desktop/Practica 4 Arquitectura/registro_salida.vhd         ;         ;
; registro_vf.vhd                  ; yes             ; User VHDL File                     ; C:/Users/leser/Desktop/Practica 4 Arquitectura/registro_vf.vhd             ;         ;
; logica_seleccion.vhd             ; yes             ; User VHDL File                     ; C:/Users/leser/Desktop/Practica 4 Arquitectura/logica_seleccion.vhd        ;         ;
; secuen_completo.bdf              ; yes             ; User Block Diagram/Schematic File  ; C:/Users/leser/Desktop/Practica 4 Arquitectura/secuen_completo.bdf         ;         ;
; sensaboton.vhd                   ; yes             ; User VHDL File                     ; C:/Users/leser/Desktop/Practica 4 Arquitectura/sensaboton.vhd              ;         ;
; PWM.vhd                          ; yes             ; User VHDL File                     ; C:/Users/leser/Desktop/Practica 4 Arquitectura/PWM.vhd                     ;         ;
; output_files/divider.vhd         ; yes             ; User VHDL File                     ; C:/Users/leser/Desktop/Practica 4 Arquitectura/output_files/divider.vhd    ;         ;
+----------------------------------+-----------------+------------------------------------+----------------------------------------------------------------------------+---------+


+---------------------------------------------------------+
; Analysis & Synthesis Resource Usage Summary             ;
+---------------------------------------------+-----------+
; Resource                                    ; Usage     ;
+---------------------------------------------+-----------+
; Estimated Total logic elements              ; 164       ;
;                                             ;           ;
; Total combinational functions               ; 161       ;
; Logic element usage by number of LUT inputs ;           ;
;     -- 4 input functions                    ; 57        ;
;     -- 3 input functions                    ; 42        ;
;     -- <=2 input functions                  ; 62        ;
;                                             ;           ;
; Logic elements by mode                      ;           ;
;     -- normal mode                          ; 115       ;
;     -- arithmetic mode                      ; 46        ;
;                                             ;           ;
; Total registers                             ; 68        ;
;     -- Dedicated logic registers            ; 68        ;
;     -- I/O registers                        ; 0         ;
;                                             ;           ;
; I/O pins                                    ; 17        ;
;                                             ;           ;
; Embedded Multiplier 9-bit elements          ; 0         ;
;                                             ;           ;
; Maximum fan-out node                        ; CLK~input ;
; Maximum fan-out                             ; 50        ;
; Total fan-out                               ; 656       ;
; Average fan-out                             ; 2.49      ;
+---------------------------------------------+-----------+


+---------------------------------------------------------------------------------------------------------------------------------------------------------------------------------------------------------------------------------------------------------+
; Analysis & Synthesis Resource Utilization by Entity                                                                                                                                                                                                     ;
+------------------------------------+---------------------+---------------------------+-------------+--------------+---------+-----------+------+--------------+------------------------------------------------+-------------------------+--------------+
; Compilation Hierarchy Node         ; Combinational ALUTs ; Dedicated Logic Registers ; Memory Bits ; DSP Elements ; DSP 9x9 ; DSP 18x18 ; Pins ; Virtual Pins ; Full Hierarchy Name                            ; Entity Name             ; Library Name ;
+------------------------------------+---------------------+---------------------------+-------------+--------------+---------+-----------+------+--------------+------------------------------------------------+-------------------------+--------------+
; |secuen_completo                   ; 161 (0)             ; 68 (0)                    ; 0           ; 0            ; 0       ; 0         ; 17   ; 0            ; |secuen_completo                               ; secuen_completo         ; work         ;
;    |divider:inst19|                ; 39 (39)             ; 28 (28)                   ; 0           ; 0            ; 0       ; 0         ; 0    ; 0            ; |secuen_completo|divider:inst19                ; divider                 ; work         ;
;    |incrementador:inst2|           ; 3 (3)               ; 0 (0)                     ; 0           ; 0            ; 0       ; 0         ; 0    ; 0            ; |secuen_completo|incrementador:inst2           ; incrementador           ; work         ;
;    |log_interna:inst7|             ; 1 (1)               ; 0 (0)                     ; 0           ; 0            ; 0       ; 0         ; 0    ; 0            ; |secuen_completo|log_interna:inst7             ; log_interna             ; work         ;
;    |logica_interrupcion:inst|      ; 1 (1)               ; 0 (0)                     ; 0           ; 0            ; 0       ; 0         ; 0    ; 0            ; |secuen_completo|logica_interrupcion:inst      ; logica_interrupcion     ; work         ;
;    |logica_seleccion:inst14|       ; 1 (1)               ; 0 (0)                     ; 0           ; 0            ; 0       ; 0         ; 0    ; 0            ; |secuen_completo|logica_seleccion:inst14       ; logica_seleccion        ; work         ;
;    |logica_transformacion:inst1|   ; 1 (1)               ; 0 (0)                     ; 0           ; 0            ; 0       ; 0         ; 0    ; 0            ; |secuen_completo|logica_transformacion:inst1   ; logica_transformacion   ; work         ;
;    |memoria:inst8|                 ; 61 (61)             ; 0 (0)                     ; 0           ; 0            ; 0       ; 0         ; 0    ; 0            ; |secuen_completo|memoria:inst8                 ; memoria                 ; work         ;
;    |mux_direccion:inst6|           ; 10 (10)             ; 0 (0)                     ; 0           ; 0            ; 0       ; 0         ; 0    ; 0            ; |secuen_completo|mux_direccion:inst6           ; mux_direccion           ; work         ;
;    |pwm:inst18|                    ; 42 (42)             ; 22 (22)                   ; 0           ; 0            ; 0       ; 0         ; 0    ; 0            ; |secuen_completo|pwm:inst18                    ; pwm                     ; work         ;
;    |reg_inst:inst9|                ; 0 (0)               ; 2 (2)                     ; 0           ; 0            ; 0       ; 0         ; 0    ; 0            ; |secuen_completo|reg_inst:inst9                ; reg_inst                ; work         ;
;    |reg_liga:inst10|               ; 0 (0)               ; 4 (4)                     ; 0           ; 0            ; 0       ; 0         ; 0    ; 0            ; |secuen_completo|reg_liga:inst10               ; reg_liga                ; work         ;
;    |reg_prueba:inst12|             ; 0 (0)               ; 2 (2)                     ; 0           ; 0            ; 0       ; 0         ; 0    ; 0            ; |secuen_completo|reg_prueba:inst12             ; reg_prueba              ; work         ;
;    |reg_vf:inst13|                 ; 0 (0)               ; 1 (1)                     ; 0           ; 0            ; 0       ; 0         ; 0    ; 0            ; |secuen_completo|reg_vf:inst13                 ; reg_vf                  ; work         ;
;    |registro_interrupcion:inst3|   ; 1 (1)               ; 3 (3)                     ; 0           ; 0            ; 0       ; 0         ; 0    ; 0            ; |secuen_completo|registro_interrupcion:inst3   ; registro_interrupcion   ; work         ;
;    |registro_mpc:inst5|            ; 1 (1)               ; 4 (4)                     ; 0           ; 0            ; 0       ; 0         ; 0    ; 0            ; |secuen_completo|registro_mpc:inst5            ; registro_mpc            ; work         ;
;    |registro_transformacion:inst4| ; 0 (0)               ; 2 (2)                     ; 0           ; 0            ; 0       ; 0         ; 0    ; 0            ; |secuen_completo|registro_transformacion:inst4 ; registro_transformacion ; work         ;
+------------------------------------+---------------------+---------------------------+-------------+--------------+---------+-----------+------+--------------+------------------------------------------------+-------------------------+--------------+
Note: For table entries with two numbers listed, the numbers in parentheses indicate the number of resources of the given type used by the specific entity alone. The numbers listed outside of parentheses indicate the total resources of the given type used by the specific entity and all of its sub-entities in the hierarchy.


+----------------------------------------------------------------------------------------------------+
; User-Specified and Inferred Latches                                                                ;
+-----------------------------------------------------+---------------------+------------------------+
; Latch Name                                          ; Latch Enable Signal ; Free of Timing Hazards ;
+-----------------------------------------------------+---------------------+------------------------+
; memoria:inst8|palabra[3]                            ; GND                 ; yes                    ;
; memoria:inst8|palabra[2]                            ; GND                 ; yes                    ;
; memoria:inst8|palabra[1]                            ; GND                 ; yes                    ;
; memoria:inst8|palabra[0]                            ; GND                 ; yes                    ;
; memoria:inst8|palabra[12]                           ; GND                 ; yes                    ;
; memoria:inst8|palabra[8]                            ; GND                 ; yes                    ;
; memoria:inst8|palabra[7]                            ; GND                 ; yes                    ;
; memoria:inst8|palabra[4]                            ; GND                 ; yes                    ;
; memoria:inst8|palabra[6]                            ; GND                 ; yes                    ;
; memoria:inst8|palabra[5]                            ; GND                 ; yes                    ;
; memoria:inst8|palabra[11]                           ; GND                 ; yes                    ;
; memoria:inst8|palabra[10]                           ; GND                 ; yes                    ;
; memoria:inst8|palabra[9]                            ; GND                 ; yes                    ;
; Number of user-specified and inferred latches = 13  ;                     ;                        ;
+-----------------------------------------------------+---------------------+------------------------+
Note: All latches listed above may not be present at the end of synthesis due to various synthesis optimizations.


+-----------------------------------------------------------------------------------------------------------+
; Registers Removed During Synthesis                                                                        ;
+------------------------------------------------+----------------------------------------------------------+
; Register name                                  ; Reason for Removal                                       ;
+------------------------------------------------+----------------------------------------------------------+
; registro_interrupcion:inst3|valor_interno[3]   ; Merged with registro_interrupcion:inst3|valor_interno[0] ;
; registro_transformacion:inst4|valor_interno[3] ; Merged with registro_interrupcion:inst3|valor_interno[0] ;
; registro_transformacion:inst4|valor_interno[1] ; Merged with registro_interrupcion:inst3|valor_interno[2] ;
; Total Number of Removed Registers = 3          ;                                                          ;
+------------------------------------------------+----------------------------------------------------------+


+------------------------------------------------------+
; General Register Statistics                          ;
+----------------------------------------------+-------+
; Statistic                                    ; Value ;
+----------------------------------------------+-------+
; Total registers                              ; 68    ;
; Number of registers using Synchronous Clear  ; 0     ;
; Number of registers using Synchronous Load   ; 0     ;
; Number of registers using Asynchronous Clear ; 18    ;
; Number of registers using Asynchronous Load  ; 0     ;
; Number of registers using Clock Enable       ; 2     ;
; Number of registers using Preset             ; 0     ;
+----------------------------------------------+-------+


+---------------------------------------------------------------------------------------------------------------------------------------------------------+
; Multiplexer Restructuring Statistics (Restructuring Performed)                                                                                          ;
+--------------------+-----------+---------------+----------------------+------------------------+------------+-------------------------------------------+
; Multiplexer Inputs ; Bus Width ; Baseline Area ; Area if Restructured ; Saving if Restructured ; Registered ; Example Multiplexer Output                ;
+--------------------+-----------+---------------+----------------------+------------------------+------------+-------------------------------------------+
; 4:1                ; 3 bits    ; 6 LEs         ; 6 LEs                ; 0 LEs                  ; No         ; |secuen_completo|mux_direccion:inst6|Y[2] ;
; 5:1                ; 2 bits    ; 6 LEs         ; 6 LEs                ; 0 LEs                  ; No         ; |secuen_completo|memoria:inst8|palabra[5] ;
+--------------------+-----------+---------------+----------------------+------------------------+------------+-------------------------------------------+


+-----------------------------------------------------+
; Post-Synthesis Netlist Statistics for Top Partition ;
+-----------------------+-----------------------------+
; Type                  ; Count                       ;
+-----------------------+-----------------------------+
; boundary_port         ; 17                          ;
; cycloneiii_ff         ; 68                          ;
;     CLR               ; 18                          ;
;     ENA               ; 2                           ;
;     plain             ; 48                          ;
; cycloneiii_lcell_comb ; 161                         ;
;     arith             ; 46                          ;
;         2 data inputs ; 46                          ;
;     normal            ; 115                         ;
;         1 data inputs ; 4                           ;
;         2 data inputs ; 12                          ;
;         3 data inputs ; 42                          ;
;         4 data inputs ; 57                          ;
;                       ;                             ;
; Max LUT depth         ; 8.00                        ;
; Average LUT depth     ; 4.51                        ;
+-----------------------+-----------------------------+


+-------------------------------+
; Elapsed Time Per Partition    ;
+----------------+--------------+
; Partition Name ; Elapsed Time ;
+----------------+--------------+
; Top            ; 00:00:01     ;
+----------------+--------------+


+-------------------------------+
; Analysis & Synthesis Messages ;
+-------------------------------+
Info: *******************************************************************
Info: Running Quartus Prime Analysis & Synthesis
    Info: Version 17.1.0 Build 590 10/25/2017 SJ Lite Edition
    Info: Processing started: Fri May 04 14:55:06 2018
Info: Command: quartus_map --read_settings_files=on --write_settings_files=off interr_trans -c interr_trans
Warning (18236): Number of processors has not been specified which may cause overloading on shared machines.  Set the global assignment NUM_PARALLEL_PROCESSORS in your QSF to an appropriate value for best performance.
Info (20030): Parallel compilation is enabled and will use 2 of the 2 processors detected
Info (12021): Found 1 design units, including 1 entities, in source file interr_trans.bdf
    Info (12023): Found entity 1: interr_trans
Info (12021): Found 2 design units, including 1 entities, in source file logica_interrupcion.vhd
    Info (12022): Found design unit 1: logica_interrupcion-Behavioral File: C:/Users/leser/Desktop/Practica 4 Arquitectura/logica_interrupcion.vhd Line: 13
    Info (12023): Found entity 1: logica_interrupcion File: C:/Users/leser/Desktop/Practica 4 Arquitectura/logica_interrupcion.vhd Line: 6
Info (12021): Found 2 design units, including 1 entities, in source file logica_transformacion.vhd
    Info (12022): Found design unit 1: logica_transformacion-Behavioral File: C:/Users/leser/Desktop/Practica 4 Arquitectura/logica_transformacion.vhd Line: 13
    Info (12023): Found entity 1: logica_transformacion File: C:/Users/leser/Desktop/Practica 4 Arquitectura/logica_transformacion.vhd Line: 6
Info (12021): Found 2 design units, including 1 entities, in source file registro_interrupciones.vhd
    Info (12022): Found design unit 1: registro_interrupcion-Behavioral File: C:/Users/leser/Desktop/Practica 4 Arquitectura/registro_interrupciones.vhd Line: 12
    Info (12023): Found entity 1: registro_interrupcion File: C:/Users/leser/Desktop/Practica 4 Arquitectura/registro_interrupciones.vhd Line: 3
Info (12021): Found 2 design units, including 1 entities, in source file registro_transformacion.vhd
    Info (12022): Found design unit 1: registro_transformacion-Behavioral File: C:/Users/leser/Desktop/Practica 4 Arquitectura/registro_transformacion.vhd Line: 11
    Info (12023): Found entity 1: registro_transformacion File: C:/Users/leser/Desktop/Practica 4 Arquitectura/registro_transformacion.vhd Line: 3
Info (12021): Found 2 design units, including 1 entities, in source file incrementador.vhd
    Info (12022): Found design unit 1: incrementador-Behavioral File: C:/Users/leser/Desktop/Practica 4 Arquitectura/incrementador.vhd Line: 12
    Info (12023): Found entity 1: incrementador File: C:/Users/leser/Desktop/Practica 4 Arquitectura/incrementador.vhd Line: 6
Info (12021): Found 1 design units, including 1 entities, in source file increm.bdf
    Info (12023): Found entity 1: increm
Info (12021): Found 2 design units, including 1 entities, in source file registro_mpc.vhd
    Info (12022): Found design unit 1: registro_mpc-Behavioral File: C:/Users/leser/Desktop/Practica 4 Arquitectura/registro_mpc.vhd Line: 14
    Info (12023): Found entity 1: registro_mpc File: C:/Users/leser/Desktop/Practica 4 Arquitectura/registro_mpc.vhd Line: 6
Info (12021): Found 1 design units, including 1 entities, in source file reg_mpc.bdf
    Info (12023): Found entity 1: reg_mpc
Info (12021): Found 2 design units, including 1 entities, in source file mux_dir.vhd
    Info (12022): Found design unit 1: mux_direccion-Behavioral File: C:/Users/leser/Desktop/Practica 4 Arquitectura/mux_dir.vhd Line: 14
    Info (12023): Found entity 1: mux_direccion File: C:/Users/leser/Desktop/Practica 4 Arquitectura/mux_dir.vhd Line: 6
Info (12021): Found 1 design units, including 1 entities, in source file muxdir.bdf
    Info (12023): Found entity 1: muxdir
Info (12021): Found 2 design units, including 1 entities, in source file logica_interna.vhd
    Info (12022): Found design unit 1: log_interna-Behavioral File: C:/Users/leser/Desktop/Practica 4 Arquitectura/logica_interna.vhd Line: 16
    Info (12023): Found entity 1: log_interna File: C:/Users/leser/Desktop/Practica 4 Arquitectura/logica_interna.vhd Line: 6
Info (12021): Found 1 design units, including 1 entities, in source file logint.bdf
    Info (12023): Found entity 1: logint
Info (12021): Found 2 design units, including 1 entities, in source file memoria.vhd
    Info (12022): Found design unit 1: memoria-Behavioral File: C:/Users/leser/Desktop/Practica 4 Arquitectura/memoria.vhd Line: 16
    Info (12023): Found entity 1: memoria File: C:/Users/leser/Desktop/Practica 4 Arquitectura/memoria.vhd Line: 6
Info (12021): Found 1 design units, including 1 entities, in source file mem.bdf
    Info (12023): Found entity 1: mem
Info (12021): Found 2 design units, including 1 entities, in source file registro_instruccion.vhd
    Info (12022): Found design unit 1: reg_inst-Behavioral File: C:/Users/leser/Desktop/Practica 4 Arquitectura/registro_instruccion.vhd Line: 14
    Info (12023): Found entity 1: reg_inst File: C:/Users/leser/Desktop/Practica 4 Arquitectura/registro_instruccion.vhd Line: 6
Info (12021): Found 2 design units, including 1 entities, in source file registro_liga.vhd
    Info (12022): Found design unit 1: reg_liga-Behavioral File: C:/Users/leser/Desktop/Practica 4 Arquitectura/registro_liga.vhd Line: 11
    Info (12023): Found entity 1: reg_liga File: C:/Users/leser/Desktop/Practica 4 Arquitectura/registro_liga.vhd Line: 3
Info (12021): Found 2 design units, including 1 entities, in source file registro_prueba.vhd
    Info (12022): Found design unit 1: reg_prueba-Behavioral File: C:/Users/leser/Desktop/Practica 4 Arquitectura/registro_prueba.vhd Line: 14
    Info (12023): Found entity 1: reg_prueba File: C:/Users/leser/Desktop/Practica 4 Arquitectura/registro_prueba.vhd Line: 6
Info (12021): Found 2 design units, including 1 entities, in source file registro_salida.vhd
    Info (12022): Found design unit 1: reg_out-Behavioral File: C:/Users/leser/Desktop/Practica 4 Arquitectura/registro_salida.vhd Line: 14
    Info (12023): Found entity 1: reg_out File: C:/Users/leser/Desktop/Practica 4 Arquitectura/registro_salida.vhd Line: 6
Info (12021): Found 2 design units, including 1 entities, in source file registro_vf.vhd
    Info (12022): Found design unit 1: reg_vf-Behavioral File: C:/Users/leser/Desktop/Practica 4 Arquitectura/registro_vf.vhd Line: 14
    Info (12023): Found entity 1: reg_vf File: C:/Users/leser/Desktop/Practica 4 Arquitectura/registro_vf.vhd Line: 6
Info (12021): Found 1 design units, including 1 entities, in source file regmem.bdf
    Info (12023): Found entity 1: regmem
Info (12021): Found 1 design units, including 1 entities, in source file registrosmemoria.bdf
    Info (12023): Found entity 1: registrosmemoria
Info (12021): Found 2 design units, including 1 entities, in source file logica_seleccion.vhd
    Info (12022): Found design unit 1: logica_seleccion-Behavioral File: C:/Users/leser/Desktop/Practica 4 Arquitectura/logica_seleccion.vhd Line: 17
    Info (12023): Found entity 1: logica_seleccion File: C:/Users/leser/Desktop/Practica 4 Arquitectura/logica_seleccion.vhd Line: 6
Info (12021): Found 1 design units, including 1 entities, in source file logsel.bdf
    Info (12023): Found entity 1: logsel
Info (12021): Found 1 design units, including 1 entities, in source file secuen_completo.bdf
    Info (12023): Found entity 1: secuen_completo
Info (12021): Found 2 design units, including 1 entities, in source file sensaboton.vhd
    Info (12022): Found design unit 1: sensa_boton-Behavioral File: C:/Users/leser/Desktop/Practica 4 Arquitectura/sensaboton.vhd Line: 12
    Info (12023): Found entity 1: sensa_boton File: C:/Users/leser/Desktop/Practica 4 Arquitectura/sensaboton.vhd Line: 5
Info (12021): Found 2 design units, including 1 entities, in source file pwm.vhd
    Info (12022): Found design unit 1: pwm-Behavioral File: C:/Users/leser/Desktop/Practica 4 Arquitectura/PWM.vhd Line: 11
    Info (12023): Found entity 1: pwm File: C:/Users/leser/Desktop/Practica 4 Arquitectura/PWM.vhd Line: 6
Info (12021): Found 2 design units, including 1 entities, in source file output_files/divider.vhd
    Info (12022): Found design unit 1: divider-Behavioral File: C:/Users/leser/Desktop/Practica 4 Arquitectura/output_files/divider.vhd Line: 11
    Info (12023): Found entity 1: divider File: C:/Users/leser/Desktop/Practica 4 Arquitectura/output_files/divider.vhd Line: 6
Info (12127): Elaborating entity "secuen_completo" for the top level hierarchy
Warning (275011): Block or symbol "sensa_boton" of instance "inst17" overlaps another block or symbol
Info (12128): Elaborating entity "mux_direccion" for hierarchy "mux_direccion:inst6"
Info (12128): Elaborating entity "log_interna" for hierarchy "log_interna:inst7"
Warning (10631): VHDL Process Statement warning at logica_interna.vhd(20): inferring latch(es) for signal or variable "palabra", which holds its previous value in one or more paths through the process File: C:/Users/leser/Desktop/Practica 4 Arquitectura/logica_interna.vhd Line: 20
Info (10041): Inferred latch for "palabra[0]" at logica_interna.vhd(20) File: C:/Users/leser/Desktop/Practica 4 Arquitectura/logica_interna.vhd Line: 20
Info (10041): Inferred latch for "palabra[1]" at logica_interna.vhd(20) File: C:/Users/leser/Desktop/Practica 4 Arquitectura/logica_interna.vhd Line: 20
Info (10041): Inferred latch for "palabra[2]" at logica_interna.vhd(20) File: C:/Users/leser/Desktop/Practica 4 Arquitectura/logica_interna.vhd Line: 20
Info (10041): Inferred latch for "palabra[3]" at logica_interna.vhd(20) File: C:/Users/leser/Desktop/Practica 4 Arquitectura/logica_interna.vhd Line: 20
Info (12128): Elaborating entity "logica_seleccion" for hierarchy "logica_seleccion:inst14"
Warning (10631): VHDL Process Statement warning at logica_seleccion.vhd(23): inferring latch(es) for signal or variable "salida_mux", which holds its previous value in one or more paths through the process File: C:/Users/leser/Desktop/Practica 4 Arquitectura/logica_seleccion.vhd Line: 23
Info (10041): Inferred latch for "salida_mux" at logica_seleccion.vhd(23) File: C:/Users/leser/Desktop/Practica 4 Arquitectura/logica_seleccion.vhd Line: 23
Info (12128): Elaborating entity "reg_vf" for hierarchy "reg_vf:inst13"
Info (12128): Elaborating entity "divider" for hierarchy "divider:inst19"
Info (12128): Elaborating entity "memoria" for hierarchy "memoria:inst8"
Warning (10631): VHDL Process Statement warning at memoria.vhd(20): inferring latch(es) for signal or variable "palabra", which holds its previous value in one or more paths through the process File: C:/Users/leser/Desktop/Practica 4 Arquitectura/memoria.vhd Line: 20
Info (10041): Inferred latch for "palabra[0]" at memoria.vhd(20) File: C:/Users/leser/Desktop/Practica 4 Arquitectura/memoria.vhd Line: 20
Info (10041): Inferred latch for "palabra[1]" at memoria.vhd(20) File: C:/Users/leser/Desktop/Practica 4 Arquitectura/memoria.vhd Line: 20
Info (10041): Inferred latch for "palabra[2]" at memoria.vhd(20) File: C:/Users/leser/Desktop/Practica 4 Arquitectura/memoria.vhd Line: 20
Info (10041): Inferred latch for "palabra[3]" at memoria.vhd(20) File: C:/Users/leser/Desktop/Practica 4 Arquitectura/memoria.vhd Line: 20
Info (10041): Inferred latch for "palabra[4]" at memoria.vhd(20) File: C:/Users/leser/Desktop/Practica 4 Arquitectura/memoria.vhd Line: 20
Info (10041): Inferred latch for "palabra[5]" at memoria.vhd(20) File: C:/Users/leser/Desktop/Practica 4 Arquitectura/memoria.vhd Line: 20
Info (10041): Inferred latch for "palabra[6]" at memoria.vhd(20) File: C:/Users/leser/Desktop/Practica 4 Arquitectura/memoria.vhd Line: 20
Info (10041): Inferred latch for "palabra[7]" at memoria.vhd(20) File: C:/Users/leser/Desktop/Practica 4 Arquitectura/memoria.vhd Line: 20
Info (10041): Inferred latch for "palabra[8]" at memoria.vhd(20) File: C:/Users/leser/Desktop/Practica 4 Arquitectura/memoria.vhd Line: 20
Info (10041): Inferred latch for "palabra[9]" at memoria.vhd(20) File: C:/Users/leser/Desktop/Practica 4 Arquitectura/memoria.vhd Line: 20
Info (10041): Inferred latch for "palabra[10]" at memoria.vhd(20) File: C:/Users/leser/Desktop/Practica 4 Arquitectura/memoria.vhd Line: 20
Info (10041): Inferred latch for "palabra[11]" at memoria.vhd(20) File: C:/Users/leser/Desktop/Practica 4 Arquitectura/memoria.vhd Line: 20
Info (10041): Inferred latch for "palabra[12]" at memoria.vhd(20) File: C:/Users/leser/Desktop/Practica 4 Arquitectura/memoria.vhd Line: 20
Info (12128): Elaborating entity "reg_prueba" for hierarchy "reg_prueba:inst12"
Info (12128): Elaborating entity "reg_inst" for hierarchy "reg_inst:inst9"
Info (12128): Elaborating entity "registro_interrupcion" for hierarchy "registro_interrupcion:inst3"
Warning (10540): VHDL Signal Declaration warning at registro_interrupciones.vhd(13): used explicit default value for signal "alta_impedancia" because signal was never assigned a value File: C:/Users/leser/Desktop/Practica 4 Arquitectura/registro_interrupciones.vhd Line: 13
Warning (10492): VHDL Process Statement warning at registro_interrupciones.vhd(35): signal "alta_impedancia" is read inside the Process Statement but isn't in the Process Statement's sensitivity list File: C:/Users/leser/Desktop/Practica 4 Arquitectura/registro_interrupciones.vhd Line: 35
Warning (10631): VHDL Process Statement warning at registro_interrupciones.vhd(30): inferring latch(es) for signal or variable "SALIDA", which holds its previous value in one or more paths through the process File: C:/Users/leser/Desktop/Practica 4 Arquitectura/registro_interrupciones.vhd Line: 30
Info (12128): Elaborating entity "logica_interrupcion" for hierarchy "logica_interrupcion:inst"
Info (12128): Elaborating entity "registro_transformacion" for hierarchy "registro_transformacion:inst4"
Warning (10540): VHDL Signal Declaration warning at registro_transformacion.vhd(12): used explicit default value for signal "alta_impedancia" because signal was never assigned a value File: C:/Users/leser/Desktop/Practica 4 Arquitectura/registro_transformacion.vhd Line: 12
Warning (10492): VHDL Process Statement warning at registro_transformacion.vhd(34): signal "alta_impedancia" is read inside the Process Statement but isn't in the Process Statement's sensitivity list File: C:/Users/leser/Desktop/Practica 4 Arquitectura/registro_transformacion.vhd Line: 34
Warning (10631): VHDL Process Statement warning at registro_transformacion.vhd(29): inferring latch(es) for signal or variable "SALIDA", which holds its previous value in one or more paths through the process File: C:/Users/leser/Desktop/Practica 4 Arquitectura/registro_transformacion.vhd Line: 29
Info (12128): Elaborating entity "logica_transformacion" for hierarchy "logica_transformacion:inst1"
Info (12128): Elaborating entity "reg_liga" for hierarchy "reg_liga:inst10"
Warning (10540): VHDL Signal Declaration warning at registro_liga.vhd(12): used explicit default value for signal "alta_impedancia" because signal was never assigned a value File: C:/Users/leser/Desktop/Practica 4 Arquitectura/registro_liga.vhd Line: 12
Warning (10492): VHDL Process Statement warning at registro_liga.vhd(34): signal "alta_impedancia" is read inside the Process Statement but isn't in the Process Statement's sensitivity list File: C:/Users/leser/Desktop/Practica 4 Arquitectura/registro_liga.vhd Line: 34
Warning (10631): VHDL Process Statement warning at registro_liga.vhd(29): inferring latch(es) for signal or variable "SALIDA", which holds its previous value in one or more paths through the process File: C:/Users/leser/Desktop/Practica 4 Arquitectura/registro_liga.vhd Line: 29
Info (12128): Elaborating entity "registro_mpc" for hierarchy "registro_mpc:inst5"
Info (12128): Elaborating entity "incrementador" for hierarchy "incrementador:inst2"
Info (12128): Elaborating entity "pwm" for hierarchy "pwm:inst18"
Info (12128): Elaborating entity "reg_out" for hierarchy "reg_out:inst11"
Info (12128): Elaborating entity "sensa_boton" for hierarchy "sensa_boton:inst17"
Warning (10492): VHDL Process Statement warning at sensaboton.vhd(17): signal "clk" is read inside the Process Statement but isn't in the Process Statement's sensitivity list File: C:/Users/leser/Desktop/Practica 4 Arquitectura/sensaboton.vhd Line: 17
Warning (13046): Tri-state node(s) do not directly drive top-level pin(s)
    Warning (13048): Converted tri-state node feeding "mux_direccion:inst6|Y[3]" into a selector File: C:/Users/leser/Desktop/Practica 4 Arquitectura/mux_dir.vhd Line: 10
    Warning (13048): Converted tri-state node feeding "mux_direccion:inst6|Y[2]" into a selector File: C:/Users/leser/Desktop/Practica 4 Arquitectura/mux_dir.vhd Line: 10
    Warning (13048): Converted tri-state node feeding "mux_direccion:inst6|Y[1]" into a selector File: C:/Users/leser/Desktop/Practica 4 Arquitectura/mux_dir.vhd Line: 10
    Warning (13048): Converted tri-state node feeding "mux_direccion:inst6|Y[0]" into a selector File: C:/Users/leser/Desktop/Practica 4 Arquitectura/mux_dir.vhd Line: 10
Warning (14026): LATCH primitive "logica_seleccion:inst14|salida_mux" is permanently enabled File: C:/Users/leser/Desktop/Practica 4 Arquitectura/logica_seleccion.vhd Line: 19
Info (286030): Timing-Driven Synthesis is running
Info (16010): Generating hard_block partition "hard_block:auto_generated_inst"
    Info (16011): Adding 0 node(s), including 0 DDIO, 0 PLL, 0 transceiver and 0 LCELL
Warning (21074): Design contains 1 input pin(s) that do not drive logic
    Warning (15610): No output dependent on input pin "sensa_boton"
Info (21057): Implemented 192 device resources after synthesis - the final resource count might be different
    Info (21058): Implemented 7 input pins
    Info (21059): Implemented 10 output pins
    Info (21061): Implemented 175 logic cells
Info: Quartus Prime Analysis & Synthesis was successful. 0 errors, 23 warnings
    Info: Peak virtual memory: 693 megabytes
    Info: Processing ended: Fri May 04 14:55:38 2018
    Info: Elapsed time: 00:00:32
    Info: Total CPU time (on all processors): 00:01:11


