Classic Timing Analyzer report for Practica1
Tue Feb 20 12:49:30 2018
Quartus II Version 9.1 Build 350 03/24/2010 Service Pack 2 SJ Web Edition


---------------------
; Table of Contents ;
---------------------
  1. Legal Notice
  2. Timing Analyzer Summary
  3. Timing Analyzer Settings
  4. Clock Settings Summary
  5. Parallel Compilation
  6. Clock Setup: 'clk'
  7. Clock Hold: 'clk'
  8. tco
  9. Timing Analyzer Messages



----------------
; Legal Notice ;
----------------
Copyright (C) 1991-2010 Altera Corporation
Your use of Altera Corporation's design tools, logic functions 
and other software and tools, and its AMPP partner logic 
functions, and any output files from any of the foregoing 
(including device programming or simulation files), and any 
associated documentation or information are expressly subject 
to the terms and conditions of the Altera Program License 
Subscription Agreement, Altera MegaCore Function License 
Agreement, or other applicable license agreement, including, 
without limitation, that your use is for the sole purpose of 
programming logic devices manufactured by Altera and sold by 
Altera or its authorized distributors.  Please refer to the 
applicable agreement for further details.



+---------------------------------------------------------------------------------------------------------------------------------------------------------------------------------------------------+
; Timing Analyzer Summary                                                                                                                                                                           ;
+------------------------------+------------------------------------------+---------------+----------------------------------+---------------+---------------+------------+----------+--------------+
; Type                         ; Slack                                    ; Required Time ; Actual Time                      ; From          ; To            ; From Clock ; To Clock ; Failed Paths ;
+------------------------------+------------------------------------------+---------------+----------------------------------+---------------+---------------+------------+----------+--------------+
; Worst-case tco               ; N/A                                      ; None          ; 18.154 ns                        ; 74193:inst|23 ; D             ; clk        ; --       ; 0            ;
; Clock Setup: 'clk'           ; N/A                                      ; None          ; 112.73 MHz ( period = 8.871 ns ) ; 74193:inst|23 ; 74193:inst|23 ; clk        ; clk      ; 0            ;
; Clock Hold: 'clk'            ; Not operational: Clock Skew > Data Delay ; None          ; N/A                              ; 74193:inst|23 ; 74193:inst|23 ; clk        ; clk      ; 3            ;
; Total number of failed paths ;                                          ;               ;                                  ;               ;               ;            ;          ; 3            ;
+------------------------------+------------------------------------------+---------------+----------------------------------+---------------+---------------+------------+----------+--------------+


+-----------------------------------------------------------------------------------------------------------------------------------------------------+
; Timing Analyzer Settings                                                                                                                            ;
+------------------------------------------------------------------------------------------------------+--------------------+------+----+-------------+
; Option                                                                                               ; Setting            ; From ; To ; Entity Name ;
+------------------------------------------------------------------------------------------------------+--------------------+------+----+-------------+
; Device Name                                                                                          ; EPM2210F324C3      ;      ;    ;             ;
; Timing Models                                                                                        ; Final              ;      ;    ;             ;
; Default hold multicycle                                                                              ; Same as Multicycle ;      ;    ;             ;
; Cut paths between unrelated clock domains                                                            ; On                 ;      ;    ;             ;
; Cut off read during write signal paths                                                               ; On                 ;      ;    ;             ;
; Cut off feedback from I/O pins                                                                       ; On                 ;      ;    ;             ;
; Report Combined Fast/Slow Timing                                                                     ; Off                ;      ;    ;             ;
; Ignore Clock Settings                                                                                ; Off                ;      ;    ;             ;
; Analyze latches as synchronous elements                                                              ; On                 ;      ;    ;             ;
; Enable Recovery/Removal analysis                                                                     ; Off                ;      ;    ;             ;
; Enable Clock Latency                                                                                 ; Off                ;      ;    ;             ;
; Use TimeQuest Timing Analyzer                                                                        ; Off                ;      ;    ;             ;
; Minimum Core Junction Temperature                                                                    ; 0                  ;      ;    ;             ;
; Maximum Core Junction Temperature                                                                    ; 85                 ;      ;    ;             ;
; Number of source nodes to report per destination node                                                ; 10                 ;      ;    ;             ;
; Number of destination nodes to report                                                                ; 10                 ;      ;    ;             ;
; Number of paths to report                                                                            ; 200                ;      ;    ;             ;
; Report Minimum Timing Checks                                                                         ; Off                ;      ;    ;             ;
; Use Fast Timing Models                                                                               ; Off                ;      ;    ;             ;
; Report IO Paths Separately                                                                           ; Off                ;      ;    ;             ;
; Perform Multicorner Analysis                                                                         ; Off                ;      ;    ;             ;
; Reports the worst-case path for each clock domain and analysis                                       ; Off                ;      ;    ;             ;
; Reports worst-case timing paths for each clock domain and analysis                                   ; On                 ;      ;    ;             ;
; Specifies the maximum number of worst-case timing paths to report for each clock domain and analysis ; 100                ;      ;    ;             ;
; Removes common clock path pessimism (CCPP) during slack computation                                  ; Off                ;      ;    ;             ;
; Output I/O Timing Endpoint                                                                           ; Near End           ;      ;    ;             ;
+------------------------------------------------------------------------------------------------------+--------------------+------+----+-------------+


+------------------------------------------------------------------------------------------------------------------------------------------------------------------------------------+
; Clock Settings Summary                                                                                                                                                             ;
+-----------------+--------------------+----------+------------------+---------------+--------------+----------+-----------------------+---------------------+--------+--------------+
; Clock Node Name ; Clock Setting Name ; Type     ; Fmax Requirement ; Early Latency ; Late Latency ; Based on ; Multiply Base Fmax by ; Divide Base Fmax by ; Offset ; Phase offset ;
+-----------------+--------------------+----------+------------------+---------------+--------------+----------+-----------------------+---------------------+--------+--------------+
; clk             ;                    ; User Pin ; None             ; 0.000 ns      ; 0.000 ns     ; --       ; N/A                   ; N/A                 ; N/A    ;              ;
+-----------------+--------------------+----------+------------------+---------------+--------------+----------+-----------------------+---------------------+--------+--------------+


Parallel compilation was disabled, but you have multiple processors available. Enable parallel compilation to reduce compilation time.
+-------------------------------------+
; Parallel Compilation                ;
+----------------------------+--------+
; Processors                 ; Number ;
+----------------------------+--------+
; Number detected on machine ; 2      ;
; Maximum allowed            ; 1      ;
+----------------------------+--------+


+-----------------------------------------------------------------------------------------------------------------------------------------------------------------------------------------------------------------------------------------------------------------+
; Clock Setup: 'clk'                                                                                                                                                                                                                                              ;
+-----------------------------------------+-----------------------------------------------------+--------------------------+--------------------------+------------+----------+-----------------------------+---------------------------+-------------------------+
; Slack                                   ; Actual fmax (period)                                ; From                     ; To                       ; From Clock ; To Clock ; Required Setup Relationship ; Required Longest P2P Time ; Actual Longest P2P Time ;
+-----------------------------------------+-----------------------------------------------------+--------------------------+--------------------------+------------+----------+-----------------------------+---------------------------+-------------------------+
; N/A                                     ; 112.73 MHz ( period = 8.871 ns )                    ; 74193:inst|23            ; 74193:inst|23            ; clk        ; clk      ; None                        ; None                      ; 0.949 ns                ;
; N/A                                     ; 156.10 MHz ( period = 6.406 ns )                    ; divider:inst6|cuenta[14] ; divider:inst6|cuenta[0]  ; clk        ; clk      ; None                        ; None                      ; 5.963 ns                ;
; N/A                                     ; 160.38 MHz ( period = 6.235 ns )                    ; divider:inst6|cuenta[12] ; divider:inst6|cuenta[0]  ; clk        ; clk      ; None                        ; None                      ; 5.792 ns                ;
; N/A                                     ; 165.21 MHz ( period = 6.053 ns )                    ; divider:inst6|cuenta[9]  ; divider:inst6|cuenta[22] ; clk        ; clk      ; None                        ; None                      ; 5.610 ns                ;
; N/A                                     ; 165.43 MHz ( period = 6.045 ns )                    ; 74193:inst|24            ; 74193:inst|24            ; clk        ; clk      ; None                        ; None                      ; 0.927 ns                ;
; N/A                                     ; 165.95 MHz ( period = 6.026 ns )                    ; divider:inst6|cuenta[9]  ; divider:inst6|cuenta[21] ; clk        ; clk      ; None                        ; None                      ; 5.583 ns                ;
; N/A                                     ; 165.98 MHz ( period = 6.025 ns )                    ; divider:inst6|cuenta[14] ; divider:inst6|cuenta[26] ; clk        ; clk      ; None                        ; None                      ; 5.582 ns                ;
; N/A                                     ; 167.48 MHz ( period = 5.971 ns )                    ; divider:inst6|cuenta[0]  ; divider:inst6|cuenta[0]  ; clk        ; clk      ; None                        ; None                      ; 5.528 ns                ;
; N/A                                     ; 167.48 MHz ( period = 5.971 ns )                    ; divider:inst6|cuenta[9]  ; divider:inst6|cuenta[26] ; clk        ; clk      ; None                        ; None                      ; 5.528 ns                ;
; N/A                                     ; 167.79 MHz ( period = 5.960 ns )                    ; divider:inst6|cuenta[8]  ; divider:inst6|cuenta[0]  ; clk        ; clk      ; None                        ; None                      ; 5.517 ns                ;
; N/A                                     ; 168.10 MHz ( period = 5.949 ns )                    ; divider:inst6|cuenta[8]  ; divider:inst6|cuenta[22] ; clk        ; clk      ; None                        ; None                      ; 5.506 ns                ;
; N/A                                     ; 168.86 MHz ( period = 5.922 ns )                    ; divider:inst6|cuenta[8]  ; divider:inst6|cuenta[21] ; clk        ; clk      ; None                        ; None                      ; 5.479 ns                ;
; N/A                                     ; 170.01 MHz ( period = 5.882 ns )                    ; divider:inst6|cuenta[9]  ; divider:inst6|cuenta[19] ; clk        ; clk      ; None                        ; None                      ; 5.439 ns                ;
; N/A                                     ; 170.07 MHz ( period = 5.880 ns )                    ; divider:inst6|cuenta[1]  ; divider:inst6|cuenta[0]  ; clk        ; clk      ; None                        ; None                      ; 5.437 ns                ;
; N/A                                     ; 170.21 MHz ( period = 5.875 ns )                    ; divider:inst6|cuenta[1]  ; divider:inst6|cuenta[22] ; clk        ; clk      ; None                        ; None                      ; 5.432 ns                ;
; N/A                                     ; 170.39 MHz ( period = 5.869 ns )                    ; divider:inst6|cuenta[9]  ; divider:inst6|cuenta[24] ; clk        ; clk      ; None                        ; None                      ; 5.426 ns                ;
; N/A                                     ; 170.44 MHz ( period = 5.867 ns )                    ; divider:inst6|cuenta[8]  ; divider:inst6|cuenta[26] ; clk        ; clk      ; None                        ; None                      ; 5.424 ns                ;
; N/A                                     ; 170.82 MHz ( period = 5.854 ns )                    ; divider:inst6|cuenta[9]  ; divider:inst6|cuenta[18] ; clk        ; clk      ; None                        ; None                      ; 5.411 ns                ;
; N/A                                     ; 170.82 MHz ( period = 5.854 ns )                    ; divider:inst6|cuenta[12] ; divider:inst6|cuenta[26] ; clk        ; clk      ; None                        ; None                      ; 5.411 ns                ;
; N/A                                     ; 171.00 MHz ( period = 5.848 ns )                    ; divider:inst6|cuenta[1]  ; divider:inst6|cuenta[21] ; clk        ; clk      ; None                        ; None                      ; 5.405 ns                ;
; N/A                                     ; 171.64 MHz ( period = 5.826 ns )                    ; divider:inst6|cuenta[10] ; divider:inst6|cuenta[22] ; clk        ; clk      ; None                        ; None                      ; 5.383 ns                ;
; N/A                                     ; 171.82 MHz ( period = 5.820 ns )                    ; divider:inst6|cuenta[9]  ; divider:inst6|cuenta[23] ; clk        ; clk      ; None                        ; None                      ; 5.377 ns                ;
; N/A                                     ; 171.97 MHz ( period = 5.815 ns )                    ; divider:inst6|cuenta[4]  ; divider:inst6|cuenta[0]  ; clk        ; clk      ; None                        ; None                      ; 5.372 ns                ;
; N/A                                     ; 172.29 MHz ( period = 5.804 ns )                    ; divider:inst6|cuenta[4]  ; divider:inst6|cuenta[22] ; clk        ; clk      ; None                        ; None                      ; 5.361 ns                ;
; N/A                                     ; 172.41 MHz ( period = 5.800 ns )                    ; divider:inst6|cuenta[13] ; divider:inst6|cuenta[0]  ; clk        ; clk      ; None                        ; None                      ; 5.357 ns                ;
; N/A                                     ; 172.44 MHz ( period = 5.799 ns )                    ; divider:inst6|cuenta[10] ; divider:inst6|cuenta[21] ; clk        ; clk      ; None                        ; None                      ; 5.356 ns                ;
; N/A                                     ; 172.62 MHz ( period = 5.793 ns )                    ; divider:inst6|cuenta[1]  ; divider:inst6|cuenta[26] ; clk        ; clk      ; None                        ; None                      ; 5.350 ns                ;
; N/A                                     ; 173.07 MHz ( period = 5.778 ns )                    ; divider:inst6|cuenta[9]  ; divider:inst6|cuenta[25] ; clk        ; clk      ; None                        ; None                      ; 5.335 ns                ;
; N/A                                     ; 173.07 MHz ( period = 5.778 ns )                    ; divider:inst6|cuenta[8]  ; divider:inst6|cuenta[19] ; clk        ; clk      ; None                        ; None                      ; 5.335 ns                ;
; N/A                                     ; 173.10 MHz ( period = 5.777 ns )                    ; divider:inst6|cuenta[4]  ; divider:inst6|cuenta[21] ; clk        ; clk      ; None                        ; None                      ; 5.334 ns                ;
; N/A                                     ; 173.46 MHz ( period = 5.765 ns )                    ; divider:inst6|cuenta[8]  ; divider:inst6|cuenta[24] ; clk        ; clk      ; None                        ; None                      ; 5.322 ns                ;
; N/A                                     ; 173.46 MHz ( period = 5.765 ns )                    ; divider:inst6|cuenta[2]  ; divider:inst6|cuenta[22] ; clk        ; clk      ; None                        ; None                      ; 5.322 ns                ;
; N/A                                     ; 173.91 MHz ( period = 5.750 ns )                    ; divider:inst6|cuenta[8]  ; divider:inst6|cuenta[18] ; clk        ; clk      ; None                        ; None                      ; 5.307 ns                ;
; N/A                                     ; 174.09 MHz ( period = 5.744 ns )                    ; divider:inst6|cuenta[10] ; divider:inst6|cuenta[26] ; clk        ; clk      ; None                        ; None                      ; 5.301 ns                ;
; N/A                                     ; 174.28 MHz ( period = 5.738 ns )                    ; divider:inst6|cuenta[2]  ; divider:inst6|cuenta[21] ; clk        ; clk      ; None                        ; None                      ; 5.295 ns                ;
; N/A                                     ; 174.49 MHz ( period = 5.731 ns )                    ; divider:inst6|cuenta[18] ; divider:inst6|cuenta[22] ; clk        ; clk      ; None                        ; None                      ; 5.288 ns                ;
; N/A                                     ; 174.76 MHz ( period = 5.722 ns )                    ; divider:inst6|cuenta[4]  ; divider:inst6|cuenta[26] ; clk        ; clk      ; None                        ; None                      ; 5.279 ns                ;
; N/A                                     ; 174.83 MHz ( period = 5.720 ns )                    ; divider:inst6|cuenta[2]  ; divider:inst6|cuenta[0]  ; clk        ; clk      ; None                        ; None                      ; 5.277 ns                ;
; N/A                                     ; 174.89 MHz ( period = 5.718 ns )                    ; divider:inst6|cuenta[3]  ; divider:inst6|cuenta[22] ; clk        ; clk      ; None                        ; None                      ; 5.275 ns                ;
; N/A                                     ; 174.92 MHz ( period = 5.717 ns )                    ; divider:inst6|cuenta[5]  ; divider:inst6|cuenta[0]  ; clk        ; clk      ; None                        ; None                      ; 5.274 ns                ;
; N/A                                     ; 174.95 MHz ( period = 5.716 ns )                    ; divider:inst6|cuenta[8]  ; divider:inst6|cuenta[23] ; clk        ; clk      ; None                        ; None                      ; 5.273 ns                ;
; N/A                                     ; 175.32 MHz ( period = 5.704 ns )                    ; divider:inst6|cuenta[18] ; divider:inst6|cuenta[21] ; clk        ; clk      ; None                        ; None                      ; 5.261 ns                ;
; N/A                                     ; 175.32 MHz ( period = 5.704 ns )                    ; divider:inst6|cuenta[1]  ; divider:inst6|cuenta[19] ; clk        ; clk      ; None                        ; None                      ; 5.261 ns                ;
; N/A                                     ; 175.72 MHz ( period = 5.691 ns )                    ; divider:inst6|cuenta[1]  ; divider:inst6|cuenta[24] ; clk        ; clk      ; None                        ; None                      ; 5.248 ns                ;
; N/A                                     ; 175.72 MHz ( period = 5.691 ns )                    ; divider:inst6|cuenta[3]  ; divider:inst6|cuenta[21] ; clk        ; clk      ; None                        ; None                      ; 5.248 ns                ;
; N/A                                     ; 175.96 MHz ( period = 5.683 ns )                    ; divider:inst6|cuenta[2]  ; divider:inst6|cuenta[26] ; clk        ; clk      ; None                        ; None                      ; 5.240 ns                ;
; N/A                                     ; 176.18 MHz ( period = 5.676 ns )                    ; divider:inst6|cuenta[1]  ; divider:inst6|cuenta[18] ; clk        ; clk      ; None                        ; None                      ; 5.233 ns                ;
; N/A                                     ; 176.24 MHz ( period = 5.674 ns )                    ; divider:inst6|cuenta[8]  ; divider:inst6|cuenta[25] ; clk        ; clk      ; None                        ; None                      ; 5.231 ns                ;
; N/A                                     ; 176.83 MHz ( period = 5.655 ns )                    ; divider:inst6|cuenta[10] ; divider:inst6|cuenta[19] ; clk        ; clk      ; None                        ; None                      ; 5.212 ns                ;
; N/A                                     ; 176.90 MHz ( period = 5.653 ns )                    ; divider:inst6|cuenta[9]  ; divider:inst6|cuenta[20] ; clk        ; clk      ; None                        ; None                      ; 5.210 ns                ;
; N/A                                     ; 177.02 MHz ( period = 5.649 ns )                    ; divider:inst6|cuenta[18] ; divider:inst6|cuenta[26] ; clk        ; clk      ; None                        ; None                      ; 5.206 ns                ;
; N/A                                     ; 177.24 MHz ( period = 5.642 ns )                    ; divider:inst6|cuenta[10] ; divider:inst6|cuenta[24] ; clk        ; clk      ; None                        ; None                      ; 5.199 ns                ;
; N/A                                     ; 177.24 MHz ( period = 5.642 ns )                    ; divider:inst6|cuenta[1]  ; divider:inst6|cuenta[23] ; clk        ; clk      ; None                        ; None                      ; 5.199 ns                ;
; N/A                                     ; 177.43 MHz ( period = 5.636 ns )                    ; divider:inst6|cuenta[3]  ; divider:inst6|cuenta[26] ; clk        ; clk      ; None                        ; None                      ; 5.193 ns                ;
; N/A                                     ; 177.49 MHz ( period = 5.634 ns )                    ; divider:inst6|cuenta[5]  ; divider:inst6|cuenta[22] ; clk        ; clk      ; None                        ; None                      ; 5.191 ns                ;
; N/A                                     ; 177.53 MHz ( period = 5.633 ns )                    ; divider:inst6|cuenta[4]  ; divider:inst6|cuenta[19] ; clk        ; clk      ; None                        ; None                      ; 5.190 ns                ;
; N/A                                     ; 177.71 MHz ( period = 5.627 ns )                    ; divider:inst6|cuenta[10] ; divider:inst6|cuenta[18] ; clk        ; clk      ; None                        ; None                      ; 5.184 ns                ;
; N/A                                     ; 177.94 MHz ( period = 5.620 ns )                    ; divider:inst6|cuenta[4]  ; divider:inst6|cuenta[24] ; clk        ; clk      ; None                        ; None                      ; 5.177 ns                ;
; N/A                                     ; 178.35 MHz ( period = 5.607 ns )                    ; divider:inst6|cuenta[5]  ; divider:inst6|cuenta[21] ; clk        ; clk      ; None                        ; None                      ; 5.164 ns                ;
; N/A                                     ; 178.41 MHz ( period = 5.605 ns )                    ; divider:inst6|cuenta[4]  ; divider:inst6|cuenta[18] ; clk        ; clk      ; None                        ; None                      ; 5.162 ns                ;
; N/A                                     ; 178.48 MHz ( period = 5.603 ns )                    ; divider:inst6|cuenta[10] ; divider:inst6|cuenta[0]  ; clk        ; clk      ; None                        ; None                      ; 5.160 ns                ;
; N/A                                     ; 178.57 MHz ( period = 5.600 ns )                    ; divider:inst6|cuenta[1]  ; divider:inst6|cuenta[25] ; clk        ; clk      ; None                        ; None                      ; 5.157 ns                ;
; N/A                                     ; 178.76 MHz ( period = 5.594 ns )                    ; divider:inst6|cuenta[2]  ; divider:inst6|cuenta[19] ; clk        ; clk      ; None                        ; None                      ; 5.151 ns                ;
; N/A                                     ; 178.79 MHz ( period = 5.593 ns )                    ; divider:inst6|cuenta[10] ; divider:inst6|cuenta[23] ; clk        ; clk      ; None                        ; None                      ; 5.150 ns                ;
; N/A                                     ; 178.89 MHz ( period = 5.590 ns )                    ; divider:inst6|cuenta[0]  ; divider:inst6|cuenta[26] ; clk        ; clk      ; None                        ; None                      ; 5.147 ns                ;
; N/A                                     ; 179.18 MHz ( period = 5.581 ns )                    ; divider:inst6|cuenta[2]  ; divider:inst6|cuenta[24] ; clk        ; clk      ; None                        ; None                      ; 5.138 ns                ;
; N/A                                     ; 179.50 MHz ( period = 5.571 ns )                    ; divider:inst6|cuenta[4]  ; divider:inst6|cuenta[23] ; clk        ; clk      ; None                        ; None                      ; 5.128 ns                ;
; N/A                                     ; 179.60 MHz ( period = 5.568 ns )                    ; divider:inst6|cuenta[6]  ; divider:inst6|cuenta[22] ; clk        ; clk      ; None                        ; None                      ; 5.125 ns                ;
; N/A                                     ; 179.66 MHz ( period = 5.566 ns )                    ; divider:inst6|cuenta[2]  ; divider:inst6|cuenta[18] ; clk        ; clk      ; None                        ; None                      ; 5.123 ns                ;
; N/A                                     ; 179.86 MHz ( period = 5.560 ns )                    ; divider:inst6|cuenta[18] ; divider:inst6|cuenta[19] ; clk        ; clk      ; None                        ; None                      ; 5.117 ns                ;
; N/A                                     ; 180.12 MHz ( period = 5.552 ns )                    ; divider:inst6|cuenta[5]  ; divider:inst6|cuenta[26] ; clk        ; clk      ; None                        ; None                      ; 5.109 ns                ;
; N/A                                     ; 180.15 MHz ( period = 5.551 ns )                    ; divider:inst6|cuenta[10] ; divider:inst6|cuenta[25] ; clk        ; clk      ; None                        ; None                      ; 5.108 ns                ;
; N/A                                     ; 180.21 MHz ( period = 5.549 ns )                    ; divider:inst6|cuenta[8]  ; divider:inst6|cuenta[20] ; clk        ; clk      ; None                        ; None                      ; 5.106 ns                ;
; N/A                                     ; 180.28 MHz ( period = 5.547 ns )                    ; divider:inst6|cuenta[18] ; divider:inst6|cuenta[24] ; clk        ; clk      ; None                        ; None                      ; 5.104 ns                ;
; N/A                                     ; 180.28 MHz ( period = 5.547 ns )                    ; divider:inst6|cuenta[3]  ; divider:inst6|cuenta[19] ; clk        ; clk      ; None                        ; None                      ; 5.104 ns                ;
; N/A                                     ; 180.47 MHz ( period = 5.541 ns )                    ; divider:inst6|cuenta[6]  ; divider:inst6|cuenta[21] ; clk        ; clk      ; None                        ; None                      ; 5.098 ns                ;
; N/A                                     ; 180.70 MHz ( period = 5.534 ns )                    ; divider:inst6|cuenta[3]  ; divider:inst6|cuenta[24] ; clk        ; clk      ; None                        ; None                      ; 5.091 ns                ;
; N/A                                     ; 180.77 MHz ( period = 5.532 ns )                    ; divider:inst6|cuenta[2]  ; divider:inst6|cuenta[23] ; clk        ; clk      ; None                        ; None                      ; 5.089 ns                ;
; N/A                                     ; 180.86 MHz ( period = 5.529 ns )                    ; divider:inst6|cuenta[4]  ; divider:inst6|cuenta[25] ; clk        ; clk      ; None                        ; None                      ; 5.086 ns                ;
; N/A                                     ; 181.00 MHz ( period = 5.525 ns )                    ; divider:inst6|cuenta[19] ; divider:inst6|cuenta[26] ; clk        ; clk      ; None                        ; None                      ; 5.082 ns                ;
; N/A                                     ; 181.19 MHz ( period = 5.519 ns )                    ; divider:inst6|cuenta[3]  ; divider:inst6|cuenta[18] ; clk        ; clk      ; None                        ; None                      ; 5.076 ns                ;
; N/A                                     ; 181.72 MHz ( period = 5.503 ns )                    ; divider:inst6|cuenta[7]  ; divider:inst6|cuenta[22] ; clk        ; clk      ; None                        ; None                      ; 5.060 ns                ;
; N/A                                     ; 181.88 MHz ( period = 5.498 ns )                    ; divider:inst6|cuenta[18] ; divider:inst6|cuenta[23] ; clk        ; clk      ; None                        ; None                      ; 5.055 ns                ;
; N/A                                     ; 182.15 MHz ( period = 5.490 ns )                    ; divider:inst6|cuenta[2]  ; divider:inst6|cuenta[25] ; clk        ; clk      ; None                        ; None                      ; 5.047 ns                ;
; N/A                                     ; 182.28 MHz ( period = 5.486 ns )                    ; divider:inst6|cuenta[15] ; divider:inst6|cuenta[0]  ; clk        ; clk      ; None                        ; None                      ; 5.043 ns                ;
; N/A                                     ; 182.28 MHz ( period = 5.486 ns )                    ; divider:inst6|cuenta[6]  ; divider:inst6|cuenta[26] ; clk        ; clk      ; None                        ; None                      ; 5.043 ns                ;
; N/A                                     ; 182.32 MHz ( period = 5.485 ns )                    ; divider:inst6|cuenta[3]  ; divider:inst6|cuenta[23] ; clk        ; clk      ; None                        ; None                      ; 5.042 ns                ;
; N/A                                     ; 182.32 MHz ( period = 5.485 ns )                    ; divider:inst6|cuenta[15] ; divider:inst6|cuenta[22] ; clk        ; clk      ; None                        ; None                      ; 5.042 ns                ;
; N/A                                     ; 182.62 MHz ( period = 5.476 ns )                    ; divider:inst6|cuenta[7]  ; divider:inst6|cuenta[21] ; clk        ; clk      ; None                        ; None                      ; 5.033 ns                ;
; N/A                                     ; 182.65 MHz ( period = 5.475 ns )                    ; divider:inst6|cuenta[1]  ; divider:inst6|cuenta[20] ; clk        ; clk      ; None                        ; None                      ; 5.032 ns                ;
; N/A                                     ; 182.88 MHz ( period = 5.468 ns )                    ; divider:inst6|cuenta[12] ; divider:inst6|cuenta[22] ; clk        ; clk      ; None                        ; None                      ; 5.025 ns                ;
; N/A                                     ; 183.05 MHz ( period = 5.463 ns )                    ; divider:inst6|cuenta[5]  ; divider:inst6|cuenta[19] ; clk        ; clk      ; None                        ; None                      ; 5.020 ns                ;
; N/A                                     ; 183.22 MHz ( period = 5.458 ns )                    ; divider:inst6|cuenta[15] ; divider:inst6|cuenta[21] ; clk        ; clk      ; None                        ; None                      ; 5.015 ns                ;
; N/A                                     ; 183.28 MHz ( period = 5.456 ns )                    ; divider:inst6|cuenta[18] ; divider:inst6|cuenta[25] ; clk        ; clk      ; None                        ; None                      ; 5.013 ns                ;
; N/A                                     ; 183.49 MHz ( period = 5.450 ns )                    ; divider:inst6|cuenta[5]  ; divider:inst6|cuenta[24] ; clk        ; clk      ; None                        ; None                      ; 5.007 ns                ;
; N/A                                     ; 183.72 MHz ( period = 5.443 ns )                    ; divider:inst6|cuenta[3]  ; divider:inst6|cuenta[25] ; clk        ; clk      ; None                        ; None                      ; 5.000 ns                ;
; N/A                                     ; 183.79 MHz ( period = 5.441 ns )                    ; divider:inst6|cuenta[12] ; divider:inst6|cuenta[21] ; clk        ; clk      ; None                        ; None                      ; 4.998 ns                ;
; N/A                                     ; 183.99 MHz ( period = 5.435 ns )                    ; divider:inst6|cuenta[5]  ; divider:inst6|cuenta[18] ; clk        ; clk      ; None                        ; None                      ; 4.992 ns                ;
; N/A                                     ; 183.99 MHz ( period = 5.435 ns )                    ; divider:inst6|cuenta[13] ; divider:inst6|cuenta[22] ; clk        ; clk      ; None                        ; None                      ; 4.992 ns                ;
; N/A                                     ; 184.26 MHz ( period = 5.427 ns )                    ; divider:inst6|cuenta[11] ; divider:inst6|cuenta[22] ; clk        ; clk      ; None                        ; None                      ; 4.984 ns                ;
; N/A                                     ; 184.30 MHz ( period = 5.426 ns )                    ; divider:inst6|cuenta[10] ; divider:inst6|cuenta[20] ; clk        ; clk      ; None                        ; None                      ; 4.983 ns                ;
; N/A                                     ; 184.40 MHz ( period = 5.423 ns )                    ; divider:inst6|cuenta[19] ; divider:inst6|cuenta[24] ; clk        ; clk      ; None                        ; None                      ; 4.980 ns                ;
; N/A                                     ; 184.47 MHz ( period = 5.421 ns )                    ; divider:inst6|cuenta[7]  ; divider:inst6|cuenta[26] ; clk        ; clk      ; None                        ; None                      ; 4.978 ns                ;
; N/A                                     ; 184.54 MHz ( period = 5.419 ns )                    ; divider:inst6|cuenta[13] ; divider:inst6|cuenta[26] ; clk        ; clk      ; None                        ; None                      ; 4.976 ns                ;
; N/A                                     ; 184.91 MHz ( period = 5.408 ns )                    ; divider:inst6|cuenta[13] ; divider:inst6|cuenta[21] ; clk        ; clk      ; None                        ; None                      ; 4.965 ns                ;
; N/A                                     ; 185.05 MHz ( period = 5.404 ns )                    ; divider:inst6|cuenta[4]  ; divider:inst6|cuenta[20] ; clk        ; clk      ; None                        ; None                      ; 4.961 ns                ;
; N/A                                     ; 185.08 MHz ( period = 5.403 ns )                    ; divider:inst6|cuenta[15] ; divider:inst6|cuenta[26] ; clk        ; clk      ; None                        ; None                      ; 4.960 ns                ;
; N/A                                     ; 185.12 MHz ( period = 5.402 ns )                    ; divider:inst6|cuenta[14] ; divider:inst6|cuenta[22] ; clk        ; clk      ; None                        ; None                      ; 4.959 ns                ;
; N/A                                     ; 185.15 MHz ( period = 5.401 ns )                    ; divider:inst6|cuenta[5]  ; divider:inst6|cuenta[23] ; clk        ; clk      ; None                        ; None                      ; 4.958 ns                ;
; N/A                                     ; 185.19 MHz ( period = 5.400 ns )                    ; divider:inst6|cuenta[11] ; divider:inst6|cuenta[21] ; clk        ; clk      ; None                        ; None                      ; 4.957 ns                ;
; N/A                                     ; 185.29 MHz ( period = 5.397 ns )                    ; divider:inst6|cuenta[6]  ; divider:inst6|cuenta[19] ; clk        ; clk      ; None                        ; None                      ; 4.954 ns                ;
; N/A                                     ; 185.60 MHz ( period = 5.388 ns )                    ; divider:inst6|cuenta[6]  ; divider:inst6|cuenta[0]  ; clk        ; clk      ; None                        ; None                      ; 4.945 ns                ;
; N/A                                     ; 185.74 MHz ( period = 5.384 ns )                    ; divider:inst6|cuenta[6]  ; divider:inst6|cuenta[24] ; clk        ; clk      ; None                        ; None                      ; 4.941 ns                ;
; N/A                                     ; 186.05 MHz ( period = 5.375 ns )                    ; divider:inst6|cuenta[14] ; divider:inst6|cuenta[21] ; clk        ; clk      ; None                        ; None                      ; 4.932 ns                ;
; N/A                                     ; 186.08 MHz ( period = 5.374 ns )                    ; divider:inst6|cuenta[9]  ; divider:inst6|cuenta[17] ; clk        ; clk      ; None                        ; None                      ; 4.931 ns                ;
; N/A                                     ; 186.25 MHz ( period = 5.369 ns )                    ; divider:inst6|cuenta[6]  ; divider:inst6|cuenta[18] ; clk        ; clk      ; None                        ; None                      ; 4.926 ns                ;
; N/A                                     ; 186.39 MHz ( period = 5.365 ns )                    ; divider:inst6|cuenta[16] ; divider:inst6|cuenta[22] ; clk        ; clk      ; None                        ; None                      ; 4.922 ns                ;
; N/A                                     ; 186.39 MHz ( period = 5.365 ns )                    ; divider:inst6|cuenta[2]  ; divider:inst6|cuenta[20] ; clk        ; clk      ; None                        ; None                      ; 4.922 ns                ;
; N/A                                     ; 186.60 MHz ( period = 5.359 ns )                    ; divider:inst6|cuenta[5]  ; divider:inst6|cuenta[25] ; clk        ; clk      ; None                        ; None                      ; 4.916 ns                ;
; N/A                                     ; 187.09 MHz ( period = 5.345 ns )                    ; divider:inst6|cuenta[11] ; divider:inst6|cuenta[26] ; clk        ; clk      ; None                        ; None                      ; 4.902 ns                ;
; N/A                                     ; 187.34 MHz ( period = 5.338 ns )                    ; divider:inst6|cuenta[16] ; divider:inst6|cuenta[21] ; clk        ; clk      ; None                        ; None                      ; 4.895 ns                ;
; N/A                                     ; 187.44 MHz ( period = 5.335 ns )                    ; divider:inst6|cuenta[6]  ; divider:inst6|cuenta[23] ; clk        ; clk      ; None                        ; None                      ; 4.892 ns                ;
; N/A                                     ; 187.55 MHz ( period = 5.332 ns )                    ; divider:inst6|cuenta[19] ; divider:inst6|cuenta[25] ; clk        ; clk      ; None                        ; None                      ; 4.889 ns                ;
; N/A                                     ; 187.55 MHz ( period = 5.332 ns )                    ; divider:inst6|cuenta[7]  ; divider:inst6|cuenta[19] ; clk        ; clk      ; None                        ; None                      ; 4.889 ns                ;
; N/A                                     ; 187.58 MHz ( period = 5.331 ns )                    ; divider:inst6|cuenta[18] ; divider:inst6|cuenta[20] ; clk        ; clk      ; None                        ; None                      ; 4.888 ns                ;
; N/A                                     ; 188.01 MHz ( period = 5.319 ns )                    ; divider:inst6|cuenta[7]  ; divider:inst6|cuenta[24] ; clk        ; clk      ; None                        ; None                      ; 4.876 ns                ;
; N/A                                     ; 188.04 MHz ( period = 5.318 ns )                    ; divider:inst6|cuenta[3]  ; divider:inst6|cuenta[20] ; clk        ; clk      ; None                        ; None                      ; 4.875 ns                ;
; N/A                                     ; 188.18 MHz ( period = 5.314 ns )                    ; divider:inst6|cuenta[15] ; divider:inst6|cuenta[19] ; clk        ; clk      ; None                        ; None                      ; 4.871 ns                ;
; N/A                                     ; 188.43 MHz ( period = 5.307 ns )                    ; divider:inst6|cuenta[8]  ; divider:inst6|cuenta[11] ; clk        ; clk      ; None                        ; None                      ; 4.864 ns                ;
; N/A                                     ; 188.54 MHz ( period = 5.304 ns )                    ; divider:inst6|cuenta[7]  ; divider:inst6|cuenta[18] ; clk        ; clk      ; None                        ; None                      ; 4.861 ns                ;
; N/A                                     ; 188.64 MHz ( period = 5.301 ns )                    ; divider:inst6|cuenta[15] ; divider:inst6|cuenta[24] ; clk        ; clk      ; None                        ; None                      ; 4.858 ns                ;
; N/A                                     ; 188.75 MHz ( period = 5.298 ns )                    ; divider:inst6|cuenta[22] ; divider:inst6|cuenta[26] ; clk        ; clk      ; None                        ; None                      ; 4.855 ns                ;
; N/A                                     ; 188.79 MHz ( period = 5.297 ns )                    ; divider:inst6|cuenta[12] ; divider:inst6|cuenta[19] ; clk        ; clk      ; None                        ; None                      ; 4.854 ns                ;
; N/A                                     ; 188.82 MHz ( period = 5.296 ns )                    ; divider:inst6|cuenta[9]  ; divider:inst6|cuenta[16] ; clk        ; clk      ; None                        ; None                      ; 4.853 ns                ;
; N/A                                     ; 188.93 MHz ( period = 5.293 ns )                    ; divider:inst6|cuenta[6]  ; divider:inst6|cuenta[25] ; clk        ; clk      ; None                        ; None                      ; 4.850 ns                ;
; N/A                                     ; 188.96 MHz ( period = 5.292 ns )                    ; divider:inst6|cuenta[21] ; divider:inst6|cuenta[26] ; clk        ; clk      ; None                        ; None                      ; 4.849 ns                ;
; N/A                                     ; 189.25 MHz ( period = 5.284 ns )                    ; divider:inst6|cuenta[12] ; divider:inst6|cuenta[24] ; clk        ; clk      ; None                        ; None                      ; 4.841 ns                ;
; N/A                                     ; 189.29 MHz ( period = 5.283 ns )                    ; divider:inst6|cuenta[16] ; divider:inst6|cuenta[26] ; clk        ; clk      ; None                        ; None                      ; 4.840 ns                ;
; N/A                                     ; 189.75 MHz ( period = 5.270 ns )                    ; divider:inst6|cuenta[7]  ; divider:inst6|cuenta[23] ; clk        ; clk      ; None                        ; None                      ; 4.827 ns                ;
; N/A                                     ; 189.75 MHz ( period = 5.270 ns )                    ; divider:inst6|cuenta[8]  ; divider:inst6|cuenta[17] ; clk        ; clk      ; None                        ; None                      ; 4.827 ns                ;
; N/A                                     ; 189.79 MHz ( period = 5.269 ns )                    ; divider:inst6|cuenta[12] ; divider:inst6|cuenta[18] ; clk        ; clk      ; None                        ; None                      ; 4.826 ns                ;
; N/A                                     ; 189.83 MHz ( period = 5.268 ns )                    ; divider:inst6|cuenta[8]  ; divider:inst6|cuenta[10] ; clk        ; clk      ; None                        ; None                      ; 4.825 ns                ;
; N/A                                     ; 189.97 MHz ( period = 5.264 ns )                    ; divider:inst6|cuenta[13] ; divider:inst6|cuenta[19] ; clk        ; clk      ; None                        ; None                      ; 4.821 ns                ;
; N/A                                     ; 190.19 MHz ( period = 5.258 ns )                    ; divider:inst6|cuenta[19] ; divider:inst6|cuenta[22] ; clk        ; clk      ; None                        ; None                      ; 4.815 ns                ;
; N/A                                     ; 190.26 MHz ( period = 5.256 ns )                    ; divider:inst6|cuenta[11] ; divider:inst6|cuenta[19] ; clk        ; clk      ; None                        ; None                      ; 4.813 ns                ;
; N/A                                     ; 190.40 MHz ( period = 5.252 ns )                    ; divider:inst6|cuenta[15] ; divider:inst6|cuenta[23] ; clk        ; clk      ; None                        ; None                      ; 4.809 ns                ;
; N/A                                     ; 190.44 MHz ( period = 5.251 ns )                    ; divider:inst6|cuenta[13] ; divider:inst6|cuenta[24] ; clk        ; clk      ; None                        ; None                      ; 4.808 ns                ;
; N/A                                     ; 190.73 MHz ( period = 5.243 ns )                    ; divider:inst6|cuenta[11] ; divider:inst6|cuenta[24] ; clk        ; clk      ; None                        ; None                      ; 4.800 ns                ;
; N/A                                     ; 190.99 MHz ( period = 5.236 ns )                    ; divider:inst6|cuenta[13] ; divider:inst6|cuenta[18] ; clk        ; clk      ; None                        ; None                      ; 4.793 ns                ;
; N/A                                     ; 191.02 MHz ( period = 5.235 ns )                    ; divider:inst6|cuenta[12] ; divider:inst6|cuenta[23] ; clk        ; clk      ; None                        ; None                      ; 4.792 ns                ;
; N/A                                     ; 191.06 MHz ( period = 5.234 ns )                    ; divider:inst6|cuenta[5]  ; divider:inst6|cuenta[20] ; clk        ; clk      ; None                        ; None                      ; 4.791 ns                ;
; N/A                                     ; 191.09 MHz ( period = 5.233 ns )                    ; divider:inst6|cuenta[1]  ; divider:inst6|cuenta[11] ; clk        ; clk      ; None                        ; None                      ; 4.790 ns                ;
; N/A                                     ; 191.17 MHz ( period = 5.231 ns )                    ; divider:inst6|cuenta[14] ; divider:inst6|cuenta[19] ; clk        ; clk      ; None                        ; None                      ; 4.788 ns                ;
; N/A                                     ; 191.28 MHz ( period = 5.228 ns )                    ; divider:inst6|cuenta[7]  ; divider:inst6|cuenta[25] ; clk        ; clk      ; None                        ; None                      ; 4.785 ns                ;
; N/A                                     ; 191.28 MHz ( period = 5.228 ns )                    ; divider:inst6|cuenta[11] ; divider:inst6|cuenta[18] ; clk        ; clk      ; None                        ; None                      ; 4.785 ns                ;
; N/A                                     ; 191.50 MHz ( period = 5.222 ns )                    ; divider:inst6|cuenta[8]  ; divider:inst6|cuenta[13] ; clk        ; clk      ; None                        ; None                      ; 4.779 ns                ;
; N/A                                     ; 191.53 MHz ( period = 5.221 ns )                    ; divider:inst6|cuenta[17] ; divider:inst6|cuenta[22] ; clk        ; clk      ; None                        ; None                      ; 4.778 ns                ;
; N/A                                     ; 191.64 MHz ( period = 5.218 ns )                    ; divider:inst6|cuenta[14] ; divider:inst6|cuenta[24] ; clk        ; clk      ; None                        ; None                      ; 4.775 ns                ;
; N/A                                     ; 191.94 MHz ( period = 5.210 ns )                    ; divider:inst6|cuenta[15] ; divider:inst6|cuenta[25] ; clk        ; clk      ; None                        ; None                      ; 4.767 ns                ;
; N/A                                     ; 192.23 MHz ( period = 5.202 ns )                    ; divider:inst6|cuenta[13] ; divider:inst6|cuenta[23] ; clk        ; clk      ; None                        ; None                      ; 4.759 ns                ;
; N/A                                     ; 192.23 MHz ( period = 5.202 ns )                    ; divider:inst6|cuenta[23] ; divider:inst6|cuenta[26] ; clk        ; clk      ; None                        ; None                      ; 4.759 ns                ;
; N/A                                     ; 192.46 MHz ( period = 5.196 ns )                    ; divider:inst6|cuenta[22] ; divider:inst6|cuenta[24] ; clk        ; clk      ; None                        ; None                      ; 4.753 ns                ;
; N/A                                     ; 192.46 MHz ( period = 5.196 ns )                    ; divider:inst6|cuenta[1]  ; divider:inst6|cuenta[17] ; clk        ; clk      ; None                        ; None                      ; 4.753 ns                ;
; N/A                                     ; 192.53 MHz ( period = 5.194 ns )                    ; divider:inst6|cuenta[11] ; divider:inst6|cuenta[23] ; clk        ; clk      ; None                        ; None                      ; 4.751 ns                ;
; N/A                                     ; 192.53 MHz ( period = 5.194 ns )                    ; divider:inst6|cuenta[17] ; divider:inst6|cuenta[21] ; clk        ; clk      ; None                        ; None                      ; 4.751 ns                ;
; N/A                                     ; 192.53 MHz ( period = 5.194 ns )                    ; divider:inst6|cuenta[16] ; divider:inst6|cuenta[19] ; clk        ; clk      ; None                        ; None                      ; 4.751 ns                ;
; N/A                                     ; 192.53 MHz ( period = 5.194 ns )                    ; divider:inst6|cuenta[1]  ; divider:inst6|cuenta[10] ; clk        ; clk      ; None                        ; None                      ; 4.751 ns                ;
; N/A                                     ; 192.57 MHz ( period = 5.193 ns )                    ; divider:inst6|cuenta[12] ; divider:inst6|cuenta[25] ; clk        ; clk      ; None                        ; None                      ; 4.750 ns                ;
; N/A                                     ; 192.60 MHz ( period = 5.192 ns )                    ; divider:inst6|cuenta[8]  ; divider:inst6|cuenta[16] ; clk        ; clk      ; None                        ; None                      ; 4.749 ns                ;
; N/A                                     ; 192.68 MHz ( period = 5.190 ns )                    ; divider:inst6|cuenta[21] ; divider:inst6|cuenta[24] ; clk        ; clk      ; None                        ; None                      ; 4.747 ns                ;
; N/A                                     ; 192.86 MHz ( period = 5.185 ns )                    ; divider:inst6|cuenta[9]  ; divider:inst6|cuenta[0]  ; clk        ; clk      ; None                        ; None                      ; 4.742 ns                ;
; N/A                                     ; 193.01 MHz ( period = 5.181 ns )                    ; divider:inst6|cuenta[16] ; divider:inst6|cuenta[24] ; clk        ; clk      ; None                        ; None                      ; 4.738 ns                ;
; N/A                                     ; 193.46 MHz ( period = 5.169 ns )                    ; divider:inst6|cuenta[14] ; divider:inst6|cuenta[23] ; clk        ; clk      ; None                        ; None                      ; 4.726 ns                ;
; N/A                                     ; 193.50 MHz ( period = 5.168 ns )                    ; divider:inst6|cuenta[6]  ; divider:inst6|cuenta[20] ; clk        ; clk      ; None                        ; None                      ; 4.725 ns                ;
; N/A                                     ; 193.72 MHz ( period = 5.162 ns )                    ; divider:inst6|cuenta[4]  ; divider:inst6|cuenta[11] ; clk        ; clk      ; None                        ; None                      ; 4.719 ns                ;
; N/A                                     ; 193.80 MHz ( period = 5.160 ns )                    ; divider:inst6|cuenta[13] ; divider:inst6|cuenta[25] ; clk        ; clk      ; None                        ; None                      ; 4.717 ns                ;
; N/A                                     ; 193.99 MHz ( period = 5.155 ns )                    ; divider:inst6|cuenta[15] ; divider:inst6|cuenta[18] ; clk        ; clk      ; None                        ; None                      ; 4.712 ns                ;
; N/A                                     ; 194.02 MHz ( period = 5.154 ns )                    ; divider:inst6|cuenta[19] ; divider:inst6|cuenta[21] ; clk        ; clk      ; None                        ; None                      ; 4.711 ns                ;
; N/A                                     ; 194.10 MHz ( period = 5.152 ns )                    ; divider:inst6|cuenta[11] ; divider:inst6|cuenta[25] ; clk        ; clk      ; None                        ; None                      ; 4.709 ns                ;
; N/A                                     ; 194.25 MHz ( period = 5.148 ns )                    ; divider:inst6|cuenta[1]  ; divider:inst6|cuenta[13] ; clk        ; clk      ; None                        ; None                      ; 4.705 ns                ;
; N/A                                     ; 194.29 MHz ( period = 5.147 ns )                    ; divider:inst6|cuenta[10] ; divider:inst6|cuenta[17] ; clk        ; clk      ; None                        ; None                      ; 4.704 ns                ;
; N/A                                     ; 194.51 MHz ( period = 5.141 ns )                    ; divider:inst6|cuenta[0]  ; divider:inst6|cuenta[22] ; clk        ; clk      ; None                        ; None                      ; 4.698 ns                ;
; N/A                                     ; 194.59 MHz ( period = 5.139 ns )                    ; divider:inst6|cuenta[17] ; divider:inst6|cuenta[26] ; clk        ; clk      ; None                        ; None                      ; 4.696 ns                ;
; N/A                                     ; 194.86 MHz ( period = 5.132 ns )                    ; divider:inst6|cuenta[16] ; divider:inst6|cuenta[23] ; clk        ; clk      ; None                        ; None                      ; 4.689 ns                ;
; N/A                                     ; 195.05 MHz ( period = 5.127 ns )                    ; divider:inst6|cuenta[14] ; divider:inst6|cuenta[25] ; clk        ; clk      ; None                        ; None                      ; 4.684 ns                ;
; N/A                                     ; 195.08 MHz ( period = 5.126 ns )                    ; divider:inst6|cuenta[9]  ; divider:inst6|cuenta[15] ; clk        ; clk      ; None                        ; None                      ; 4.683 ns                ;
; N/A                                     ; 195.12 MHz ( period = 5.125 ns )                    ; divider:inst6|cuenta[4]  ; divider:inst6|cuenta[17] ; clk        ; clk      ; None                        ; None                      ; 4.682 ns                ;
; N/A                                     ; 195.20 MHz ( period = 5.123 ns )                    ; divider:inst6|cuenta[2]  ; divider:inst6|cuenta[11] ; clk        ; clk      ; None                        ; None                      ; 4.680 ns                ;
; N/A                                     ; 195.20 MHz ( period = 5.123 ns )                    ; divider:inst6|cuenta[4]  ; divider:inst6|cuenta[10] ; clk        ; clk      ; None                        ; None                      ; 4.680 ns                ;
; N/A                                     ; 195.39 MHz ( period = 5.118 ns )                    ; divider:inst6|cuenta[1]  ; divider:inst6|cuenta[16] ; clk        ; clk      ; None                        ; None                      ; 4.675 ns                ;
; N/A                                     ; 195.54 MHz ( period = 5.114 ns )                    ; divider:inst6|cuenta[0]  ; divider:inst6|cuenta[21] ; clk        ; clk      ; None                        ; None                      ; 4.671 ns                ;
; N/A                                     ; 195.89 MHz ( period = 5.105 ns )                    ; divider:inst6|cuenta[22] ; divider:inst6|cuenta[25] ; clk        ; clk      ; None                        ; None                      ; 4.662 ns                ;
; N/A                                     ; 195.96 MHz ( period = 5.103 ns )                    ; divider:inst6|cuenta[7]  ; divider:inst6|cuenta[20] ; clk        ; clk      ; None                        ; None                      ; 4.660 ns                ;
; N/A                                     ; 196.00 MHz ( period = 5.102 ns )                    ; divider:inst6|cuenta[19] ; divider:inst6|cuenta[23] ; clk        ; clk      ; None                        ; None                      ; 4.659 ns                ;
; N/A                                     ; 196.08 MHz ( period = 5.100 ns )                    ; divider:inst6|cuenta[23] ; divider:inst6|cuenta[24] ; clk        ; clk      ; None                        ; None                      ; 4.657 ns                ;
; N/A                                     ; 196.12 MHz ( period = 5.099 ns )                    ; divider:inst6|cuenta[21] ; divider:inst6|cuenta[25] ; clk        ; clk      ; None                        ; None                      ; 4.656 ns                ;
; N/A                                     ; 196.46 MHz ( period = 5.090 ns )                    ; divider:inst6|cuenta[16] ; divider:inst6|cuenta[25] ; clk        ; clk      ; None                        ; None                      ; 4.647 ns                ;
; N/A                                     ; 196.62 MHz ( period = 5.086 ns )                    ; divider:inst6|cuenta[2]  ; divider:inst6|cuenta[17] ; clk        ; clk      ; None                        ; None                      ; 4.643 ns                ;
; N/A                                     ; 196.66 MHz ( period = 5.085 ns )                    ; divider:inst6|cuenta[15] ; divider:inst6|cuenta[20] ; clk        ; clk      ; None                        ; None                      ; 4.642 ns                ;
; N/A                                     ; 196.70 MHz ( period = 5.084 ns )                    ; divider:inst6|cuenta[2]  ; divider:inst6|cuenta[10] ; clk        ; clk      ; None                        ; None                      ; 4.641 ns                ;
; Timing analysis restricted to 200 rows. ; To change the limit use Settings (Assignments menu) ;                          ;                          ;            ;          ;                             ;                           ;                         ;
+-----------------------------------------+-----------------------------------------------------+--------------------------+--------------------------+------------+----------+-----------------------------+---------------------------+-------------------------+


+---------------------------------------------------------------------------------------------------------------------------------------------------------------------------------------+
; Clock Hold: 'clk'                                                                                                                                                                     ;
+------------------------------------------+---------------+---------------+------------+----------+----------------------------+----------------------------+--------------------------+
; Minimum Slack                            ; From          ; To            ; From Clock ; To Clock ; Required Hold Relationship ; Required Shortest P2P Time ; Actual Shortest P2P Time ;
+------------------------------------------+---------------+---------------+------------+----------+----------------------------+----------------------------+--------------------------+
; Not operational: Clock Skew > Data Delay ; 74193:inst|23 ; 74193:inst|23 ; clk        ; clk      ; None                       ; None                       ; 0.949 ns                 ;
; Not operational: Clock Skew > Data Delay ; 74193:inst|24 ; 74193:inst|24 ; clk        ; clk      ; None                       ; None                       ; 0.927 ns                 ;
; Not operational: Clock Skew > Data Delay ; 74193:inst|25 ; 74193:inst|25 ; clk        ; clk      ; None                       ; None                       ; 0.927 ns                 ;
+------------------------------------------+---------------+---------------+------------+----------+----------------------------+----------------------------+--------------------------+


+---------------------------------------------------------------------+
; tco                                                                 ;
+-------+--------------+------------+---------------+----+------------+
; Slack ; Required tco ; Actual tco ; From          ; To ; From Clock ;
+-------+--------------+------------+---------------+----+------------+
; N/A   ; None         ; 18.154 ns  ; 74193:inst|23 ; D  ; clk        ;
; N/A   ; None         ; 15.573 ns  ; 74193:inst|24 ; C  ; clk        ;
; N/A   ; None         ; 12.916 ns  ; 74193:inst|25 ; B  ; clk        ;
; N/A   ; None         ; 10.162 ns  ; 74193:inst|26 ; A  ; clk        ;
+-------+--------------+------------+---------------+----+------------+


+--------------------------+
; Timing Analyzer Messages ;
+--------------------------+
Info: *******************************************************************
Info: Running Quartus II Classic Timing Analyzer
    Info: Version 9.1 Build 350 03/24/2010 Service Pack 2 SJ Web Edition
    Info: Processing started: Tue Feb 20 12:49:29 2018
Info: Command: quartus_tan --read_settings_files=off --write_settings_files=off Practica1 -c Practica1
Info: Started post-fitting delay annotation
Info: Delay annotation completed successfully
Warning: Found pins functioning as undefined clocks and/or memory enables
    Info: Assuming node "clk" is an undefined clock
Warning: Found 7 node(s) in clock paths which may be acting as ripple and/or gated clocks -- node(s) analyzed as buffer(s) resulting in clock skew
    Info: Detected gated clock "74193:inst|21" as buffer
    Info: Detected gated clock "74193:inst|51" as buffer
    Info: Detected ripple clock "74193:inst|24" as buffer
    Info: Detected gated clock "74193:inst|5" as buffer
    Info: Detected ripple clock "74193:inst|25" as buffer
    Info: Detected ripple clock "divider:inst6|cuenta[25]" as buffer
    Info: Detected ripple clock "74193:inst|26" as buffer
Info: Clock "clk" has Internal fmax of 112.73 MHz between source register "74193:inst|23" and destination register "74193:inst|23" (period= 8.871 ns)
    Info: + Longest register to register delay is 0.949 ns
        Info: 1: + IC(0.000 ns) + CELL(0.000 ns) = 0.000 ns; Loc. = LC_X12_Y13_N2; Fanout = 2; REG Node = '74193:inst|23'
        Info: 2: + IC(0.580 ns) + CELL(0.369 ns) = 0.949 ns; Loc. = LC_X12_Y13_N2; Fanout = 2; REG Node = '74193:inst|23'
        Info: Total cell delay = 0.369 ns ( 38.88 % )
        Info: Total interconnect delay = 0.580 ns ( 61.12 % )
    Info: - Smallest clock skew is -7.479 ns
        Info: + Shortest clock path from clock "clk" to destination register is 7.744 ns
            Info: 1: + IC(0.000 ns) + CELL(0.708 ns) = 0.708 ns; Loc. = PIN_R8; Fanout = 28; CLK Node = 'clk'
            Info: 2: + IC(3.564 ns) + CELL(0.809 ns) = 5.081 ns; Loc. = LC_X12_Y10_N1; Fanout = 8; REG Node = 'divider:inst6|cuenta[25]'
            Info: 3: + IC(1.357 ns) + CELL(0.319 ns) = 6.757 ns; Loc. = LC_X12_Y13_N7; Fanout = 1; COMB Node = '74193:inst|21'
            Info: 4: + IC(0.413 ns) + CELL(0.574 ns) = 7.744 ns; Loc. = LC_X12_Y13_N2; Fanout = 2; REG Node = '74193:inst|23'
            Info: Total cell delay = 2.410 ns ( 31.12 % )
            Info: Total interconnect delay = 5.334 ns ( 68.88 % )
        Info: - Longest clock path from clock "clk" to source register is 15.223 ns
            Info: 1: + IC(0.000 ns) + CELL(0.708 ns) = 0.708 ns; Loc. = PIN_R8; Fanout = 28; CLK Node = 'clk'
            Info: 2: + IC(3.564 ns) + CELL(0.809 ns) = 5.081 ns; Loc. = LC_X12_Y10_N1; Fanout = 8; REG Node = 'divider:inst6|cuenta[25]'
            Info: 3: + IC(1.302 ns) + CELL(0.809 ns) = 7.192 ns; Loc. = LC_X12_Y13_N1; Fanout = 5; REG Node = '74193:inst|26'
            Info: 4: + IC(0.607 ns) + CELL(0.125 ns) = 7.924 ns; Loc. = LC_X12_Y13_N6; Fanout = 1; COMB Node = '74193:inst|5'
            Info: 5: + IC(1.090 ns) + CELL(0.809 ns) = 9.823 ns; Loc. = LC_X11_Y12_N2; Fanout = 4; REG Node = '74193:inst|25'
            Info: 6: + IC(1.148 ns) + CELL(0.462 ns) = 11.433 ns; Loc. = LC_X12_Y13_N5; Fanout = 1; COMB Node = '74193:inst|51'
            Info: 7: + IC(0.668 ns) + CELL(0.809 ns) = 12.910 ns; Loc. = LC_X13_Y13_N2; Fanout = 3; REG Node = '74193:inst|24'
            Info: 8: + IC(0.864 ns) + CELL(0.462 ns) = 14.236 ns; Loc. = LC_X12_Y13_N7; Fanout = 1; COMB Node = '74193:inst|21'
            Info: 9: + IC(0.413 ns) + CELL(0.574 ns) = 15.223 ns; Loc. = LC_X12_Y13_N2; Fanout = 2; REG Node = '74193:inst|23'
            Info: Total cell delay = 5.567 ns ( 36.57 % )
            Info: Total interconnect delay = 9.656 ns ( 63.43 % )
    Info: + Micro clock to output delay of source is 0.235 ns
    Info: + Micro setup delay of destination is 0.208 ns
Warning: Circuit may not operate. Detected 3 non-operational path(s) clocked by clock "clk" with clock skew larger than data delay. See Compilation Report for details.
Info: Found hold time violation between source  pin or register "74193:inst|23" and destination pin or register "74193:inst|23" for clock "clk" (Hold time is 6.433 ns)
    Info: + Largest clock skew is 7.479 ns
        Info: + Longest clock path from clock "clk" to destination register is 15.223 ns
            Info: 1: + IC(0.000 ns) + CELL(0.708 ns) = 0.708 ns; Loc. = PIN_R8; Fanout = 28; CLK Node = 'clk'
            Info: 2: + IC(3.564 ns) + CELL(0.809 ns) = 5.081 ns; Loc. = LC_X12_Y10_N1; Fanout = 8; REG Node = 'divider:inst6|cuenta[25]'
            Info: 3: + IC(1.302 ns) + CELL(0.809 ns) = 7.192 ns; Loc. = LC_X12_Y13_N1; Fanout = 5; REG Node = '74193:inst|26'
            Info: 4: + IC(0.607 ns) + CELL(0.125 ns) = 7.924 ns; Loc. = LC_X12_Y13_N6; Fanout = 1; COMB Node = '74193:inst|5'
            Info: 5: + IC(1.090 ns) + CELL(0.809 ns) = 9.823 ns; Loc. = LC_X11_Y12_N2; Fanout = 4; REG Node = '74193:inst|25'
            Info: 6: + IC(1.148 ns) + CELL(0.462 ns) = 11.433 ns; Loc. = LC_X12_Y13_N5; Fanout = 1; COMB Node = '74193:inst|51'
            Info: 7: + IC(0.668 ns) + CELL(0.809 ns) = 12.910 ns; Loc. = LC_X13_Y13_N2; Fanout = 3; REG Node = '74193:inst|24'
            Info: 8: + IC(0.864 ns) + CELL(0.462 ns) = 14.236 ns; Loc. = LC_X12_Y13_N7; Fanout = 1; COMB Node = '74193:inst|21'
            Info: 9: + IC(0.413 ns) + CELL(0.574 ns) = 15.223 ns; Loc. = LC_X12_Y13_N2; Fanout = 2; REG Node = '74193:inst|23'
            Info: Total cell delay = 5.567 ns ( 36.57 % )
            Info: Total interconnect delay = 9.656 ns ( 63.43 % )
        Info: - Shortest clock path from clock "clk" to source register is 7.744 ns
            Info: 1: + IC(0.000 ns) + CELL(0.708 ns) = 0.708 ns; Loc. = PIN_R8; Fanout = 28; CLK Node = 'clk'
            Info: 2: + IC(3.564 ns) + CELL(0.809 ns) = 5.081 ns; Loc. = LC_X12_Y10_N1; Fanout = 8; REG Node = 'divider:inst6|cuenta[25]'
            Info: 3: + IC(1.357 ns) + CELL(0.319 ns) = 6.757 ns; Loc. = LC_X12_Y13_N7; Fanout = 1; COMB Node = '74193:inst|21'
            Info: 4: + IC(0.413 ns) + CELL(0.574 ns) = 7.744 ns; Loc. = LC_X12_Y13_N2; Fanout = 2; REG Node = '74193:inst|23'
            Info: Total cell delay = 2.410 ns ( 31.12 % )
            Info: Total interconnect delay = 5.334 ns ( 68.88 % )
    Info: - Micro clock to output delay of source is 0.235 ns
    Info: - Shortest register to register delay is 0.949 ns
        Info: 1: + IC(0.000 ns) + CELL(0.000 ns) = 0.000 ns; Loc. = LC_X12_Y13_N2; Fanout = 2; REG Node = '74193:inst|23'
        Info: 2: + IC(0.580 ns) + CELL(0.369 ns) = 0.949 ns; Loc. = LC_X12_Y13_N2; Fanout = 2; REG Node = '74193:inst|23'
        Info: Total cell delay = 0.369 ns ( 38.88 % )
        Info: Total interconnect delay = 0.580 ns ( 61.12 % )
    Info: + Micro hold delay of destination is 0.138 ns
Info: tco from clock "clk" to destination pin "D" through register "74193:inst|23" is 18.154 ns
    Info: + Longest clock path from clock "clk" to source register is 15.223 ns
        Info: 1: + IC(0.000 ns) + CELL(0.708 ns) = 0.708 ns; Loc. = PIN_R8; Fanout = 28; CLK Node = 'clk'
        Info: 2: + IC(3.564 ns) + CELL(0.809 ns) = 5.081 ns; Loc. = LC_X12_Y10_N1; Fanout = 8; REG Node = 'divider:inst6|cuenta[25]'
        Info: 3: + IC(1.302 ns) + CELL(0.809 ns) = 7.192 ns; Loc. = LC_X12_Y13_N1; Fanout = 5; REG Node = '74193:inst|26'
        Info: 4: + IC(0.607 ns) + CELL(0.125 ns) = 7.924 ns; Loc. = LC_X12_Y13_N6; Fanout = 1; COMB Node = '74193:inst|5'
        Info: 5: + IC(1.090 ns) + CELL(0.809 ns) = 9.823 ns; Loc. = LC_X11_Y12_N2; Fanout = 4; REG Node = '74193:inst|25'
        Info: 6: + IC(1.148 ns) + CELL(0.462 ns) = 11.433 ns; Loc. = LC_X12_Y13_N5; Fanout = 1; COMB Node = '74193:inst|51'
        Info: 7: + IC(0.668 ns) + CELL(0.809 ns) = 12.910 ns; Loc. = LC_X13_Y13_N2; Fanout = 3; REG Node = '74193:inst|24'
        Info: 8: + IC(0.864 ns) + CELL(0.462 ns) = 14.236 ns; Loc. = LC_X12_Y13_N7; Fanout = 1; COMB Node = '74193:inst|21'
        Info: 9: + IC(0.413 ns) + CELL(0.574 ns) = 15.223 ns; Loc. = LC_X12_Y13_N2; Fanout = 2; REG Node = '74193:inst|23'
        Info: Total cell delay = 5.567 ns ( 36.57 % )
        Info: Total interconnect delay = 9.656 ns ( 63.43 % )
    Info: + Micro clock to output delay of source is 0.235 ns
    Info: + Longest register to pin delay is 2.696 ns
        Info: 1: + IC(0.000 ns) + CELL(0.000 ns) = 0.000 ns; Loc. = LC_X12_Y13_N2; Fanout = 2; REG Node = '74193:inst|23'
        Info: 2: + IC(1.242 ns) + CELL(1.454 ns) = 2.696 ns; Loc. = PIN_A11; Fanout = 0; PIN Node = 'D'
        Info: Total cell delay = 1.454 ns ( 53.93 % )
        Info: Total interconnect delay = 1.242 ns ( 46.07 % )
Info: Quartus II Classic Timing Analyzer was successful. 0 errors, 3 warnings
    Info: Peak virtual memory: 179 megabytes
    Info: Processing ended: Tue Feb 20 12:49:30 2018
    Info: Elapsed time: 00:00:01
    Info: Total CPU time (on all processors): 00:00:01


